2023-04-17 11:51:51.596 [info] Reading sessions from keychain...
2023-04-17 11:51:51.596 [info] Getting sessions for all scopes...
2023-04-17 11:51:51.596 [info] Getting sessions for read:user,repo,user:email...
2023-04-17 11:51:51.596 [info] Got 0 sessions for ...
2023-04-17 11:51:51.596 [info] Got 0 sessions for read:user,repo,user:email...
2023-04-17 11:51:54.518 [info] Getting sessions for all scopes...
2023-04-17 11:51:54.519 [info] Got 0 sessions for ...
2023-04-17 19:41:32.176 [info] Getting sessions for read:user,repo,user:email...
2023-04-17 19:41:32.176 [info] Got 0 sessions for read:user,repo,user:email...
2023-04-17 20:50:08.688 [info] Getting sessions for read:user,repo,user:email...
2023-04-17 20:50:08.703 [info] Got 0 sessions for read:user,repo,user:email...
2023-04-17 20:57:14.734 [info] Getting sessions for read:user,repo,user:email...
2023-04-17 20:57:14.734 [info] Got 0 sessions for read:user,repo,user:email...
2023-04-17 21:06:18.274 [info] Getting sessions for read:user,repo,user:email...
2023-04-17 21:06:18.274 [info] Got 0 sessions for read:user,repo,user:email...
2023-04-17 21:18:06.455 [info] Getting sessions for read:user,repo,user:email...
2023-04-17 21:18:06.472 [info] Got 0 sessions for read:user,repo,user:email...
2023-04-17 21:52:35.444 [info] Getting sessions for read:user,repo,user:email...
2023-04-17 21:52:35.483 [info] Got 0 sessions for read:user,repo,user:email...
2023-04-17 23:13:50.288 [info] Getting sessions for read:user,repo,user:email...
2023-04-17 23:13:50.288 [info] Got 0 sessions for read:user,repo,user:email...
2023-04-17 23:31:38.324 [info] Getting sessions for read:user,repo,user:email...
2023-04-17 23:31:38.324 [info] Got 0 sessions for read:user,repo,user:email...
