2023-04-15 21:40:32.002 [info] Added views:workbench.panel.markers.view in workbench.panel.markers
2023-04-15 21:40:32.002 [info] Added views:workbench.panel.output in workbench.panel.output
2023-04-15 21:40:32.002 [info] Added views:terminal in terminal
2023-04-15 21:40:32.002 [info] Added views:outline in workbench.view.explorer
2023-04-15 21:40:32.002 [info] Added views:workbench.scm in workbench.view.scm
2023-04-15 21:40:32.002 [info] Added views:workbench.view.search in workbench.view.search
2023-04-15 21:40:32.002 [info] Added views:timeline in workbench.view.explorer
2023-04-15 21:40:32.002 [info] Added views:workbench.explorer.emptyView in workbench.view.explorer
2023-04-15 21:40:32.221 [info] Added views:workbench.debug.variablesView,workbench.debug.watchExpressionsView,workbench.debug.callStackView,workbench.debug.breakPointsView in workbench.view.debug
2023-04-15 21:40:35.626 [info] Added views:workbench.panel.repl.view in workbench.panel.repl
2023-04-15 21:40:35.628 [info] Removed views:workbench.debug.breakPointsView,workbench.debug.callStackView,workbench.debug.watchExpressionsView,workbench.debug.variablesView from workbench.view.debug
2023-04-15 21:40:35.629 [info] Added views:workbench.debug.welcome in workbench.view.debug
2023-04-15 21:40:45.288 [info] Added views:workbench.views.extensions.installed,workbench.views.extensions.popular,extensions.recommendedList in workbench.view.extensions
2023-04-15 21:40:45.298 [info] Removed views:workbench.views.extensions.popular from workbench.view.extensions
2023-04-15 21:40:46.086 [info] Added views:workbench.views.extensions.popular in workbench.view.extensions
2023-04-15 21:40:48.145 [info] Removed views:extensions.recommendedList,workbench.views.extensions.popular,workbench.views.extensions.installed from workbench.view.extensions
2023-04-15 21:40:48.163 [info] Added views:workbench.views.extensions.marketplace in workbench.view.extensions
2023-04-15 21:41:11.839 [info] Added views:gitlens.views.home,gitlens.views.contributors in workbench.view.extension.gitlens
2023-04-15 21:41:11.842 [info] Added views:gitlens.views.commits,gitlens.views.commitDetails,gitlens.views.fileHistory,gitlens.views.branches,gitlens.views.remotes,gitlens.views.stashes,gitlens.views.tags,gitlens.views.searchAndCompare in workbench.view.scm
2023-04-15 21:41:12.360 [info] Removed views:gitlens.views.contributors from workbench.view.extension.gitlens
2023-04-15 21:41:12.360 [info] Removed views:gitlens.views.searchAndCompare,gitlens.views.tags,gitlens.views.stashes,gitlens.views.remotes,gitlens.views.branches,gitlens.views.fileHistory,gitlens.views.commitDetails,gitlens.views.commits from workbench.view.scm
2023-04-15 21:41:47.241 [info] Added views:workbench.view.testing in workbench.view.extension.test
2023-04-15 21:42:52.492 [info] Removed views:workbench.view.testing from workbench.view.extension.test
2023-04-15 21:42:55.880 [info] Added views:workbench.panel.markers.view in workbench.panel.markers
2023-04-15 21:42:55.880 [info] Added views:workbench.panel.output in workbench.panel.output
2023-04-15 21:42:55.880 [info] Added views:terminal in terminal
2023-04-15 21:42:55.880 [info] Added views:outline in workbench.view.explorer
2023-04-15 21:42:55.880 [info] Added views:workbench.scm in workbench.view.scm
2023-04-15 21:42:55.880 [info] Added views:workbench.view.search in workbench.view.search
2023-04-15 21:42:55.880 [info] Added views:timeline in workbench.view.explorer
2023-04-15 21:42:55.880 [info] Added views:workbench.explorer.fileView in workbench.view.explorer
2023-04-15 21:42:55.997 [info] Added views:workbench.debug.variablesView,workbench.debug.watchExpressionsView,workbench.debug.callStackView,workbench.debug.breakPointsView in workbench.view.debug
2023-04-15 21:42:57.706 [info] Added views:gitlens.views.home,gitlens.views.contributors in workbench.view.extension.gitlens
2023-04-15 21:42:57.707 [info] Added views:gitlens.views.commits,gitlens.views.commitDetails,gitlens.views.fileHistory,gitlens.views.branches,gitlens.views.remotes,gitlens.views.stashes,gitlens.views.tags,gitlens.views.searchAndCompare in workbench.view.scm
2023-04-15 21:43:01.134 [info] Added views:workbench.panel.repl.view in workbench.panel.repl
2023-04-15 21:43:01.136 [info] Removed views:workbench.debug.breakPointsView,workbench.debug.callStackView,workbench.debug.watchExpressionsView,workbench.debug.variablesView from workbench.view.debug
2023-04-15 21:43:01.137 [info] Added views:workbench.debug.welcome in workbench.view.debug
2023-04-15 21:43:04.875 [info] Added views:workbench.view.testing in workbench.view.extension.test
2023-04-15 21:43:05.723 [info] Added views:gitlens.views.timeline in workbench.view.extension.gitlensPanel
2023-04-15 21:43:05.727 [info] Added views:gitlens.views.worktrees in workbench.view.scm
2023-04-15 21:43:26.848 [info] Removed views:workbench.view.testing from workbench.view.extension.test
