2023-04-17 11:07:10.074 [info] Log level: Info
2023-04-17 11:07:10.074 [info] Validating found git in: "git"
2023-04-17 11:07:10.120 [info] Using git "2.40.0" from "git"
2023-04-17 11:07:11.388 [info] > git rev-parse --show-toplevel [1243ms]
2023-04-17 11:07:11.455 [info] > git rev-parse --git-dir --git-common-dir [42ms]
2023-04-17 11:07:11.462 [info] Open repository: /home/haru/esquizoDB
2023-04-17 11:07:11.497 [info] > git rev-parse --show-toplevel [19ms]
2023-04-17 11:07:11.519 [info] > git config --get commit.template [23ms]
2023-04-17 11:07:11.523 [info] > git rev-parse --show-toplevel [8ms]
2023-04-17 11:07:11.554 [info] > git rev-parse --show-toplevel [17ms]
2023-04-17 11:07:11.570 [info] > git rev-parse --show-toplevel [2ms]
2023-04-17 11:07:11.588 [info] > git for-each-ref --format=%(refname)%00%(upstream:short)%00%(objectname)%00%(upstream:track)%00%(upstream:remotename)%00%(upstream:remoteref) refs/heads/master refs/remotes/master [37ms]
2023-04-17 11:07:11.608 [info] > git status -z -uall [3ms]
2023-04-17 11:07:11.652 [info] > git config --get commit.template [21ms]
2023-04-17 11:07:11.678 [info] > git for-each-ref --format=%(refname)%00%(upstream:short)%00%(objectname)%00%(upstream:track)%00%(upstream:remotename)%00%(upstream:remoteref) refs/heads/master refs/remotes/master [12ms]
2023-04-17 11:07:11.694 [info] > git status -z -uall [3ms]
2023-04-17 11:07:13.546 [info] > git check-ignore -v -z --stdin [7ms]
2023-04-17 11:07:23.468 [info] > git show --textconv :scripts/tp1_3.2.py [19ms]
2023-04-17 11:07:23.471 [info] > git ls-files --stage -- /home/haru/esquizoDB/scripts/tp1_3.2.py [3ms]
2023-04-17 11:07:23.494 [info] > git cat-file -s da54e1e1348d645a7ba45c384bf6c90cc5dde499 [5ms]
2023-04-17 11:21:17.230 [info] > git check-ignore -v -z --stdin [4ms]
2023-04-17 11:25:31.654 [info] > git show --textconv :requirements.txt [26ms]
2023-04-17 11:25:31.658 [info] > git ls-files --stage -- /home/haru/esquizoDB/requirements.txt [6ms]
2023-04-17 11:25:31.936 [info] > git check-ignore -v -z --stdin [5ms]
2023-04-17 11:25:32.224 [info] > git config --get commit.template [14ms]
2023-04-17 11:25:32.291 [info] > git for-each-ref --format=%(refname)%00%(upstream:short)%00%(objectname)%00%(upstream:track)%00%(upstream:remotename)%00%(upstream:remoteref) refs/heads/master refs/remotes/master [68ms]
2023-04-17 11:25:32.323 [info] > git status -z -uall [6ms]
2023-04-17 11:27:44.977 [info] > git config --get commit.template [32ms]
2023-04-17 11:27:44.979 [info] > git for-each-ref --format=%(refname)%00%(upstream:short)%00%(objectname)%00%(upstream:track)%00%(upstream:remotename)%00%(upstream:remoteref) refs/heads/master refs/remotes/master [5ms]
2023-04-17 11:27:45.008 [info] > git status -z -uall [3ms]
2023-04-17 11:27:52.041 [info] > git config --get commit.template [32ms]
2023-04-17 11:27:52.045 [info] > git for-each-ref --format=%(refname)%00%(upstream:short)%00%(objectname)%00%(upstream:track)%00%(upstream:remotename)%00%(upstream:remoteref) refs/heads/master refs/remotes/master [6ms]
2023-04-17 11:27:52.077 [info] > git status -z -uall [6ms]
2023-04-17 11:27:54.653 [info] > git ls-files --stage -- /home/haru/esquizoDB/scripts/tp1_3.2.py [17ms]
2023-04-17 11:27:54.668 [info] > git ls-files --stage -- /home/haru/esquizoDB/requirements.txt [17ms]
2023-04-17 11:27:54.684 [info] > git cat-file -s 54e31f18473b53dabfd5e0cd1a404bebb511369b [3ms]
2023-04-17 11:27:54.703 [info] > git show --textconv :requirements.txt [3ms]
2023-04-17 11:27:54.763 [info] > git cat-file -s da54e1e1348d645a7ba45c384bf6c90cc5dde499 [96ms]
2023-04-17 11:27:54.804 [info] > git show --textconv :scripts/tp1_3.2.py [3ms]
2023-04-17 11:27:57.137 [info] > git config --get commit.template [27ms]
2023-04-17 11:27:57.140 [info] > git for-each-ref --format=%(refname)%00%(upstream:short)%00%(objectname)%00%(upstream:track)%00%(upstream:remotename)%00%(upstream:remoteref) refs/heads/master refs/remotes/master [5ms]
2023-04-17 11:27:57.172 [info] > git status -z -uall [7ms]
2023-04-17 11:28:07.296 [info] > git config --get commit.template [17ms]
2023-04-17 11:28:07.298 [info] > git for-each-ref --format=%(refname)%00%(upstream:short)%00%(objectname)%00%(upstream:track)%00%(upstream:remotename)%00%(upstream:remoteref) refs/heads/master refs/remotes/master [4ms]
2023-04-17 11:28:07.317 [info] > git status -z -uall [4ms]
2023-04-17 11:28:07.424 [info] > git ls-files --stage -- /home/haru/esquizoDB/scripts/tp1_3.2.py [34ms]
2023-04-17 11:28:07.450 [info] > git ls-files --stage -- /home/haru/esquizoDB/requirements.txt [28ms]
2023-04-17 11:28:07.479 [info] > git cat-file -s da54e1e1348d645a7ba45c384bf6c90cc5dde499 [31ms]
2023-04-17 11:28:07.483 [info] > git cat-file -s 54e31f18473b53dabfd5e0cd1a404bebb511369b [7ms]
2023-04-17 11:28:07.554 [info] > git show --textconv :scripts/tp1_3.2.py [32ms]
2023-04-17 11:28:07.558 [info] > git show --textconv :requirements.txt [6ms]
2023-04-17 11:28:12.492 [info] > git config --get commit.template [33ms]
2023-04-17 11:28:12.496 [info] > git for-each-ref --format=%(refname)%00%(upstream:short)%00%(objectname)%00%(upstream:track)%00%(upstream:remotename)%00%(upstream:remoteref) refs/heads/master refs/remotes/master [7ms]
2023-04-17 11:28:12.533 [info] > git status -z -uall [7ms]
2023-04-17 11:28:12.600 [info] > git ls-files --stage -- /home/haru/esquizoDB/scripts/tp1_3.2.py [29ms]
2023-04-17 11:28:12.625 [info] > git ls-files --stage -- /home/haru/esquizoDB/requirements.txt [29ms]
2023-04-17 11:28:12.650 [info] > git cat-file -s da54e1e1348d645a7ba45c384bf6c90cc5dde499 [26ms]
2023-04-17 11:28:12.654 [info] > git cat-file -s 54e31f18473b53dabfd5e0cd1a404bebb511369b [6ms]
2023-04-17 11:28:12.708 [info] > git show --textconv :scripts/tp1_3.2.py [29ms]
2023-04-17 11:28:12.712 [info] > git show --textconv :requirements.txt [7ms]
