2023-04-17 11:51:51.240 [info] Log level: Info
2023-04-17 11:51:51.240 [info] Validating found git in: "git"
2023-04-17 11:51:51.240 [info] Using git "2.40.0" from "git"
2023-04-17 11:51:51.240 [info] > git rev-parse --show-toplevel [15ms]
2023-04-17 11:51:51.240 [info] > git rev-parse --git-dir --git-common-dir [98ms]
2023-04-17 11:51:51.240 [info] Open repository: /home/haru/BD/tp1_joaopedroamoedo_isabelleserique
2023-04-17 11:51:51.366 [info] > git config --get commit.template [112ms]
2023-04-17 11:51:51.366 [info] > git rev-parse --show-toplevel [128ms]
2023-04-17 11:51:51.444 [info] > git rev-parse --show-toplevel [68ms]
2023-04-17 11:51:51.528 [info] > git rev-parse --show-toplevel [75ms]
2023-04-17 11:51:51.543 [info] > git rev-parse --show-toplevel [4ms]
2023-04-17 11:51:52.127 [info] > git check-ignore -v -z --stdin [259ms]
2023-04-17 11:51:52.221 [info] > git for-each-ref --format=%(refname)%00%(upstream:short)%00%(objectname)%00%(upstream:track)%00%(upstream:remotename)%00%(upstream:remoteref) refs/heads/main refs/remotes/main [790ms]
2023-04-17 11:51:52.409 [info] > git status -z -uall [176ms]
2023-04-17 11:51:52.434 [info] > git config --get commit.template [11ms]
2023-04-17 11:51:52.435 [info] > git for-each-ref --format=%(refname)%00%(upstream:short)%00%(objectname)%00%(upstream:track)%00%(upstream:remotename)%00%(upstream:remoteref) refs/heads/main refs/remotes/main [2ms]
2023-04-17 11:51:52.446 [info] > git status -z -uall [2ms]
2023-04-17 11:51:53.183 [info] > git check-ignore -v -z --stdin [5ms]
2023-04-17 11:51:54.894 [info] > git show --textconv :scripts/tp1_3.2.py [17ms]
2023-04-17 11:51:54.896 [info] > git ls-files --stage -- /home/haru/BD/tp1_joaopedroamoedo_isabelleserique/scripts/tp1_3.2.py [3ms]
2023-04-17 11:51:54.913 [info] > git cat-file -s 148cc2cfe1583e7994295b17853887a81584900b [2ms]
2023-04-17 11:53:03.849 [info] > git show --textconv :documentacao/Instructions.txt [24ms]
2023-04-17 11:53:03.853 [info] > git ls-files --stage -- /home/haru/BD/tp1_joaopedroamoedo_isabelleserique/documentacao/Instructions.txt [6ms]
2023-04-17 11:53:04.145 [info] > git config --get commit.template [29ms]
2023-04-17 11:53:04.146 [info] > git check-ignore -v -z --stdin [7ms]
2023-04-17 11:53:04.176 [info] > git for-each-ref --format=%(refname)%00%(upstream:short)%00%(objectname)%00%(upstream:track)%00%(upstream:remotename)%00%(upstream:remoteref) refs/heads/main refs/remotes/main [5ms]
2023-04-17 11:53:04.203 [info] > git status -z -uall [6ms]
2023-04-17 11:53:41.519 [info] > git config --get commit.template [23ms]
2023-04-17 11:53:41.520 [info] > git for-each-ref --format=%(refname)%00%(upstream:short)%00%(objectname)%00%(upstream:track)%00%(upstream:remotename)%00%(upstream:remoteref) refs/heads/main refs/remotes/main [5ms]
2023-04-17 11:53:41.547 [info] > git status -z -uall [6ms]
2023-04-17 11:53:46.611 [info] > git config --get commit.template [26ms]
2023-04-17 11:53:46.614 [info] > git for-each-ref --format=%(refname)%00%(upstream:short)%00%(objectname)%00%(upstream:track)%00%(upstream:remotename)%00%(upstream:remoteref) refs/heads/main refs/remotes/main [5ms]
2023-04-17 11:53:46.641 [info] > git status -z -uall [7ms]
2023-04-17 11:54:48.532 [info] > git show --textconv :docker-compose.yml [23ms]
2023-04-17 11:54:48.536 [info] > git ls-files --stage -- /home/haru/BD/tp1_joaopedroamoedo_isabelleserique/docker-compose.yml [5ms]
2023-04-17 11:54:48.561 [info] > git cat-file -s 883243a18ae67faad52abc1e69d79d345860ca93 [5ms]
2023-04-17 19:34:52.425 [info] > git config --get commit.template [8ms]
2023-04-17 19:34:52.426 [info] > git for-each-ref --format=%(refname)%00%(upstream:short)%00%(objectname)%00%(upstream:track)%00%(upstream:remotename)%00%(upstream:remoteref) refs/heads/main refs/remotes/main [2ms]
2023-04-17 19:34:52.434 [info] > git status -z -uall [2ms]
2023-04-17 19:40:14.255 [info] > git config --get commit.template [8ms]
2023-04-17 19:40:14.256 [info] > git for-each-ref --format=%(refname)%00%(upstream:short)%00%(objectname)%00%(upstream:track)%00%(upstream:remotename)%00%(upstream:remoteref) refs/heads/main refs/remotes/main [2ms]
2023-04-17 19:40:14.264 [info] > git status -z -uall [1ms]
2023-04-17 19:40:18.638 [info] > git ls-files --stage -- /home/haru/BD/tp1_joaopedroamoedo_isabelleserique/scripts/tp1_3.2.py [2ms]
2023-04-17 19:40:18.647 [info] > git cat-file -s 0b779547e30b8581328380be2d8f5e617d79d278 [1ms]
2023-04-17 19:40:18.659 [info] > git show --textconv :scripts/tp1_3.2.py [2ms]
2023-04-17 19:40:19.286 [info] > git config --get commit.template [10ms]
2023-04-17 19:40:19.287 [info] > git for-each-ref --format=%(refname)%00%(upstream:short)%00%(objectname)%00%(upstream:track)%00%(upstream:remotename)%00%(upstream:remoteref) refs/heads/main refs/remotes/main [2ms]
2023-04-17 19:40:19.296 [info] > git status -z -uall [2ms]
2023-04-17 19:40:51.969 [info] > git config --get commit.template [12ms]
2023-04-17 19:40:51.971 [info] > git for-each-ref --format=%(refname)%00%(upstream:short)%00%(objectname)%00%(upstream:track)%00%(upstream:remotename)%00%(upstream:remoteref) refs/heads/main refs/remotes/main [2ms]
2023-04-17 19:40:51.980 [info] > git status -z -uall [2ms]
2023-04-17 19:40:52.061 [info] > git ls-files --stage -- /home/haru/BD/tp1_joaopedroamoedo_isabelleserique/scripts/tp1_3.2.py [2ms]
2023-04-17 19:40:52.071 [info] > git cat-file -s 0b779547e30b8581328380be2d8f5e617d79d278 [2ms]
2023-04-17 19:40:52.081 [info] > git show --textconv :scripts/tp1_3.2.py [1ms]
2023-04-17 19:40:59.720 [info] > git config --get commit.template [8ms]
2023-04-17 19:40:59.721 [info] > git for-each-ref --format=%(refname)%00%(upstream:short)%00%(objectname)%00%(upstream:track)%00%(upstream:remotename)%00%(upstream:remoteref) refs/heads/main refs/remotes/main [2ms]
2023-04-17 19:40:59.731 [info] > git status -z -uall [2ms]
2023-04-17 19:40:59.819 [info] > git ls-files --stage -- /home/haru/BD/tp1_joaopedroamoedo_isabelleserique/scripts/tp1_3.2.py [2ms]
2023-04-17 19:40:59.829 [info] > git cat-file -s 0b779547e30b8581328380be2d8f5e617d79d278 [2ms]
2023-04-17 19:40:59.841 [info] > git show --textconv :scripts/tp1_3.2.py [2ms]
2023-04-17 19:41:52.950 [info] > git show --textconv :scripts/tp1_3.3.py [9ms]
2023-04-17 19:41:52.951 [info] > git ls-files --stage -- /home/haru/BD/tp1_joaopedroamoedo_isabelleserique/scripts/tp1_3.3.py [2ms]
2023-04-17 19:41:53.199 [info] > git check-ignore -v -z --stdin [2ms]
2023-04-17 19:42:01.218 [info] > git config --get commit.template [8ms]
2023-04-17 19:42:01.220 [info] > git for-each-ref --format=%(refname)%00%(upstream:short)%00%(objectname)%00%(upstream:track)%00%(upstream:remotename)%00%(upstream:remoteref) refs/heads/main refs/remotes/main [3ms]
2023-04-17 19:42:01.231 [info] > git status -z -uall [2ms]
2023-04-17 19:42:22.890 [info] > git ls-files --stage -- /home/haru/BD/tp1_joaopedroamoedo_isabelleserique/.gitignore [20ms]
2023-04-17 19:42:22.907 [info] > git show --textconv :.gitignore [46ms]
2023-04-17 19:42:22.907 [info] > git cat-file -s b8f07c1817bd50c72013aab67b04ae15fe5a6229 [9ms]
2023-04-17 19:42:56.769 [info] > git config --get commit.template [9ms]
2023-04-17 19:42:56.769 [info] > git for-each-ref --format=%(refname)%00%(upstream:short)%00%(objectname)%00%(upstream:track)%00%(upstream:remotename)%00%(upstream:remoteref) refs/heads/main refs/remotes/main [3ms]
2023-04-17 19:42:56.778 [info] > git status -z -uall [2ms]
2023-04-17 19:45:30.032 [info] > git config --get commit.template [16ms]
2023-04-17 19:45:30.033 [info] > git for-each-ref --format=%(refname)%00%(upstream:short)%00%(objectname)%00%(upstream:track)%00%(upstream:remotename)%00%(upstream:remoteref) refs/heads/main refs/remotes/main [4ms]
2023-04-17 19:45:30.052 [info] > git status -z -uall [5ms]
2023-04-17 20:12:22.780 [info] > git config --get commit.template [16ms]
2023-04-17 20:12:22.782 [info] > git for-each-ref --format=%(refname)%00%(upstream:short)%00%(objectname)%00%(upstream:track)%00%(upstream:remotename)%00%(upstream:remoteref) refs/heads/main refs/remotes/main [4ms]
2023-04-17 20:12:22.794 [info] > git status -z -uall [2ms]
2023-04-17 20:12:49.429 [info] > git check-ignore -v -z --stdin [2ms]
2023-04-17 20:14:34.121 [info] > git config --get commit.template [8ms]
2023-04-17 20:14:34.122 [info] > git for-each-ref --format=%(refname)%00%(upstream:short)%00%(objectname)%00%(upstream:track)%00%(upstream:remotename)%00%(upstream:remoteref) refs/heads/main refs/remotes/main [2ms]
2023-04-17 20:14:34.131 [info] > git status -z -uall [1ms]
2023-04-17 20:14:51.745 [info] > git check-ignore -v -z --stdin [4ms]
2023-04-17 20:14:52.799 [info] > git show --textconv :.tp1/bin/activate.csh [10ms]
2023-04-17 20:14:52.801 [info] > git ls-files --stage -- /home/haru/BD/tp1_joaopedroamoedo_isabelleserique/.tp1/bin/activate.csh [2ms]
2023-04-17 20:14:53.249 [info] > git show --textconv :.tp1/bin/activate [8ms]
2023-04-17 20:14:53.250 [info] > git ls-files --stage -- /home/haru/BD/tp1_joaopedroamoedo_isabelleserique/.tp1/bin/activate [1ms]
2023-04-17 20:17:52.254 [info] > git config --get commit.template [16ms]
2023-04-17 20:17:52.255 [info] > git for-each-ref --format=%(refname)%00%(upstream:short)%00%(objectname)%00%(upstream:track)%00%(upstream:remotename)%00%(upstream:remoteref) refs/heads/main refs/remotes/main [3ms]
2023-04-17 20:17:52.272 [info] > git status -z -uall [2ms]
2023-04-17 20:36:19.193 [info] > git config --get commit.template [8ms]
2023-04-17 20:36:19.194 [info] > git for-each-ref --format=%(refname)%00%(upstream:short)%00%(objectname)%00%(upstream:track)%00%(upstream:remotename)%00%(upstream:remoteref) refs/heads/main refs/remotes/main [2ms]
2023-04-17 20:36:19.202 [info] > git status -z -uall [2ms]
2023-04-17 20:36:45.443 [info] > git config --get commit.template [10ms]
2023-04-17 20:36:45.445 [info] > git for-each-ref --format=%(refname)%00%(upstream:short)%00%(objectname)%00%(upstream:track)%00%(upstream:remotename)%00%(upstream:remoteref) refs/heads/main refs/remotes/main [2ms]
2023-04-17 20:36:45.455 [info] > git status -z -uall [2ms]
2023-04-17 20:36:55.202 [info] > git config --get commit.template [9ms]
2023-04-17 20:36:55.203 [info] > git for-each-ref --format=%(refname)%00%(upstream:short)%00%(objectname)%00%(upstream:track)%00%(upstream:remotename)%00%(upstream:remoteref) refs/heads/main refs/remotes/main [2ms]
2023-04-17 20:36:55.214 [info] > git status -z -uall [2ms]
2023-04-17 20:36:55.301 [info] > git ls-files --stage -- /home/haru/BD/tp1_joaopedroamoedo_isabelleserique/scripts/tp1_3.3.py [8ms]
2023-04-17 20:36:55.309 [info] > git ls-files --stage -- /home/haru/BD/tp1_joaopedroamoedo_isabelleserique/scripts/tp1_3.2.py [22ms]
2023-04-17 20:36:55.317 [info] > git cat-file -s 30c8b6f303fb7888d9fa75f2da017283012d83f7 [9ms]
2023-04-17 20:36:55.318 [info] > git ls-files --stage -- /home/haru/BD/tp1_joaopedroamoedo_isabelleserique/.tp1/bin/activate [18ms]
2023-04-17 20:36:55.318 [info] > git cat-file -s 0b779547e30b8581328380be2d8f5e617d79d278 [2ms]
2023-04-17 20:36:55.343 [info] > git show --textconv :scripts/tp1_3.3.py [16ms]
2023-04-17 20:36:55.343 [info] > git show --textconv :.tp1/bin/activate [8ms]
2023-04-17 20:36:55.345 [info] > git show --textconv :scripts/tp1_3.2.py [2ms]
2023-04-17 20:40:24.032 [info] > git config --get commit.template [18ms]
2023-04-17 20:40:24.043 [info] > git for-each-ref --format=%(refname)%00%(upstream:short)%00%(objectname)%00%(upstream:track)%00%(upstream:remotename)%00%(upstream:remoteref) refs/heads/main refs/remotes/main [12ms]
2023-04-17 20:40:24.109 [info] > git status -z -uall [31ms]
2023-04-17 20:40:47.737 [info] > git config --get commit.template [14ms]
2023-04-17 20:40:47.741 [info] > git for-each-ref --format=%(refname)%00%(upstream:short)%00%(objectname)%00%(upstream:track)%00%(upstream:remotename)%00%(upstream:remoteref) refs/heads/main refs/remotes/main [6ms]
2023-04-17 20:40:47.758 [info] > git status -z -uall [4ms]
2023-04-17 20:47:01.555 [info] > git config --get commit.template [11ms]
2023-04-17 20:47:01.557 [info] > git for-each-ref --format=%(refname)%00%(upstream:short)%00%(objectname)%00%(upstream:track)%00%(upstream:remotename)%00%(upstream:remoteref) refs/heads/main refs/remotes/main [3ms]
2023-04-17 20:47:01.570 [info] > git status -z -uall [3ms]
2023-04-17 20:47:01.662 [info] > git ls-files --stage -- /home/haru/BD/tp1_joaopedroamoedo_isabelleserique/scripts/tp1_3.3.py [8ms]
2023-04-17 20:47:01.669 [info] > git ls-files --stage -- /home/haru/BD/tp1_joaopedroamoedo_isabelleserique/scripts/tp1_3.2.py [23ms]
2023-04-17 20:47:01.678 [info] > git cat-file -s 30c8b6f303fb7888d9fa75f2da017283012d83f7 [10ms]
2023-04-17 20:47:01.679 [info] > git ls-files --stage -- /home/haru/BD/tp1_joaopedroamoedo_isabelleserique/.tp1/bin/activate [18ms]
2023-04-17 20:47:01.679 [info] > git cat-file -s 0b779547e30b8581328380be2d8f5e617d79d278 [2ms]
2023-04-17 20:47:01.704 [info] > git show --textconv :scripts/tp1_3.3.py [16ms]
2023-04-17 20:47:01.704 [info] > git show --textconv :.tp1/bin/activate [8ms]
2023-04-17 20:47:01.705 [info] > git show --textconv :scripts/tp1_3.2.py [2ms]
2023-04-17 20:47:06.757 [info] > git config --get commit.template [8ms]
2023-04-17 20:47:06.758 [info] > git for-each-ref --format=%(refname)%00%(upstream:short)%00%(objectname)%00%(upstream:track)%00%(upstream:remotename)%00%(upstream:remoteref) refs/heads/main refs/remotes/main [2ms]
2023-04-17 20:47:06.767 [info] > git status -z -uall [2ms]
2023-04-17 20:47:06.888 [info] > git ls-files --stage -- /home/haru/BD/tp1_joaopedroamoedo_isabelleserique/scripts/tp1_3.3.py [9ms]
2023-04-17 20:47:06.895 [info] > git ls-files --stage -- /home/haru/BD/tp1_joaopedroamoedo_isabelleserique/scripts/tp1_3.2.py [27ms]
2023-04-17 20:47:06.902 [info] > git cat-file -s 30c8b6f303fb7888d9fa75f2da017283012d83f7 [7ms]
2023-04-17 20:47:06.903 [info] > git ls-files --stage -- /home/haru/BD/tp1_joaopedroamoedo_isabelleserique/.tp1/bin/activate [17ms]
2023-04-17 20:47:06.903 [info] > git cat-file -s 0b779547e30b8581328380be2d8f5e617d79d278 [2ms]
2023-04-17 20:47:06.928 [info] > git show --textconv :scripts/tp1_3.3.py [15ms]
2023-04-17 20:47:06.928 [info] > git show --textconv :.tp1/bin/activate [8ms]
2023-04-17 20:47:06.929 [info] > git show --textconv :scripts/tp1_3.2.py [2ms]
2023-04-17 20:53:33.717 [info] > git config --get commit.template [22ms]
2023-04-17 20:53:33.721 [info] > git for-each-ref --format=%(refname)%00%(upstream:short)%00%(objectname)%00%(upstream:track)%00%(upstream:remotename)%00%(upstream:remoteref) refs/heads/main refs/remotes/main [5ms]
2023-04-17 20:53:33.744 [info] > git status -z -uall [5ms]
2023-04-17 20:53:35.240 [info] > git ls-files --stage -- /home/haru/BD/tp1_joaopedroamoedo_isabelleserique/scripts/tp1_3.3.py [10ms]
2023-04-17 20:53:35.248 [info] > git ls-files --stage -- /home/haru/BD/tp1_joaopedroamoedo_isabelleserique/scripts/tp1_3.2.py [28ms]
2023-04-17 20:53:35.255 [info] > git cat-file -s 8d76e3d819d0eefd54e2f253b8adb0a05f964a92 [7ms]
2023-04-17 20:53:35.256 [info] > git ls-files --stage -- /home/haru/BD/tp1_joaopedroamoedo_isabelleserique/.tp1/bin/activate [16ms]
2023-04-17 20:53:35.257 [info] > git cat-file -s 0b779547e30b8581328380be2d8f5e617d79d278 [2ms]
2023-04-17 20:53:35.270 [info] > git show --textconv :scripts/tp1_3.3.py [6ms]
2023-04-17 20:53:35.271 [info] > git show --textconv :.tp1/bin/activate [1ms]
2023-04-17 20:53:35.280 [info] > git show --textconv :scripts/tp1_3.2.py [2ms]
2023-04-17 20:53:38.773 [info] > git config --get commit.template [12ms]
2023-04-17 20:53:38.775 [info] > git for-each-ref --format=%(refname)%00%(upstream:short)%00%(objectname)%00%(upstream:track)%00%(upstream:remotename)%00%(upstream:remoteref) refs/heads/main refs/remotes/main [3ms]
2023-04-17 20:53:38.788 [info] > git status -z -uall [2ms]
2023-04-17 20:56:48.247 [info] > git config --get commit.template [6ms]
2023-04-17 20:56:48.248 [info] > git for-each-ref --format=%(refname)%00%(upstream:short)%00%(objectname)%00%(upstream:track)%00%(upstream:remotename)%00%(upstream:remoteref) refs/heads/main refs/remotes/main [1ms]
2023-04-17 20:56:48.256 [info] > git status -z -uall [2ms]
2023-04-17 20:56:48.354 [info] > git ls-files --stage -- /home/haru/BD/tp1_joaopedroamoedo_isabelleserique/scripts/tp1_3.3.py [7ms]
2023-04-17 20:56:48.360 [info] > git ls-files --stage -- /home/haru/BD/tp1_joaopedroamoedo_isabelleserique/scripts/tp1_3.2.py [19ms]
2023-04-17 20:56:48.367 [info] > git cat-file -s 8d76e3d819d0eefd54e2f253b8adb0a05f964a92 [7ms]
2023-04-17 20:56:48.367 [info] > git ls-files --stage -- /home/haru/BD/tp1_joaopedroamoedo_isabelleserique/.tp1/bin/activate [14ms]
2023-04-17 20:56:48.367 [info] > git cat-file -s 0b779547e30b8581328380be2d8f5e617d79d278 [1ms]
2023-04-17 20:56:48.395 [info] > git show --textconv :scripts/tp1_3.3.py [14ms]
2023-04-17 20:56:48.395 [info] > git show --textconv :.tp1/bin/activate [7ms]
2023-04-17 20:56:48.396 [info] > git show --textconv :scripts/tp1_3.2.py [1ms]
2023-04-17 20:56:55.155 [info] > git config --get commit.template [16ms]
2023-04-17 20:56:55.158 [info] > git for-each-ref --format=%(refname)%00%(upstream:short)%00%(objectname)%00%(upstream:track)%00%(upstream:remotename)%00%(upstream:remoteref) refs/heads/main refs/remotes/main [4ms]
2023-04-17 20:56:55.171 [info] > git status -z -uall [2ms]
2023-04-17 20:56:55.250 [info] > git ls-files --stage -- /home/haru/BD/tp1_joaopedroamoedo_isabelleserique/scripts/tp1_3.3.py [8ms]
2023-04-17 20:56:55.257 [info] > git ls-files --stage -- /home/haru/BD/tp1_joaopedroamoedo_isabelleserique/scripts/tp1_3.2.py [22ms]
2023-04-17 20:56:55.265 [info] > git cat-file -s 8d76e3d819d0eefd54e2f253b8adb0a05f964a92 [8ms]
2023-04-17 20:56:55.266 [info] > git ls-files --stage -- /home/haru/BD/tp1_joaopedroamoedo_isabelleserique/.tp1/bin/activate [17ms]
2023-04-17 20:56:55.267 [info] > git cat-file -s 0b779547e30b8581328380be2d8f5e617d79d278 [3ms]
2023-04-17 20:56:55.283 [info] > git show --textconv :scripts/tp1_3.3.py [8ms]
2023-04-17 20:56:55.283 [info] > git show --textconv :.tp1/bin/activate [1ms]
2023-04-17 20:56:55.293 [info] > git show --textconv :scripts/tp1_3.2.py [2ms]
2023-04-17 20:57:16.033 [info] > git config --get commit.template [9ms]
2023-04-17 20:57:16.035 [info] > git for-each-ref --format=%(refname)%00%(upstream:short)%00%(objectname)%00%(upstream:track)%00%(upstream:remotename)%00%(upstream:remoteref) refs/heads/main refs/remotes/main [3ms]
2023-04-17 20:57:16.046 [info] > git status -z -uall [3ms]
2023-04-17 21:01:06.141 [info] > git config --get commit.template [11ms]
2023-04-17 21:01:06.142 [info] > git for-each-ref --format=%(refname)%00%(upstream:short)%00%(objectname)%00%(upstream:track)%00%(upstream:remotename)%00%(upstream:remoteref) refs/heads/main refs/remotes/main [2ms]
2023-04-17 21:01:06.156 [info] > git status -z -uall [3ms]
2023-04-17 21:05:30.817 [info] > git config --get commit.template [9ms]
2023-04-17 21:05:30.818 [info] > git for-each-ref --format=%(refname)%00%(upstream:short)%00%(objectname)%00%(upstream:track)%00%(upstream:remotename)%00%(upstream:remoteref) refs/heads/main refs/remotes/main [2ms]
2023-04-17 21:05:30.828 [info] > git status -z -uall [2ms]
2023-04-17 21:05:34.847 [info] > git ls-files --stage -- /home/haru/BD/tp1_joaopedroamoedo_isabelleserique/scripts/tp1_3.3.py [10ms]
2023-04-17 21:05:34.856 [info] > git ls-files --stage -- /home/haru/BD/tp1_joaopedroamoedo_isabelleserique/scripts/tp1_3.2.py [31ms]
2023-04-17 21:05:34.864 [info] > git cat-file -s b2dbd724c5bd959edc6e99f1346c5c713776ca1b [8ms]
2023-04-17 21:05:34.865 [info] > git ls-files --stage -- /home/haru/BD/tp1_joaopedroamoedo_isabelleserique/.tp1/bin/activate [20ms]
2023-04-17 21:05:34.866 [info] > git cat-file -s 0b779547e30b8581328380be2d8f5e617d79d278 [2ms]
2023-04-17 21:05:34.882 [info] > git show --textconv :scripts/tp1_3.3.py [7ms]
2023-04-17 21:05:34.883 [info] > git show --textconv :.tp1/bin/activate [1ms]
2023-04-17 21:05:34.893 [info] > git show --textconv :scripts/tp1_3.2.py [2ms]
2023-04-17 21:05:35.854 [info] > git config --get commit.template [9ms]
2023-04-17 21:05:35.855 [info] > git for-each-ref --format=%(refname)%00%(upstream:short)%00%(objectname)%00%(upstream:track)%00%(upstream:remotename)%00%(upstream:remoteref) refs/heads/main refs/remotes/main [2ms]
2023-04-17 21:05:35.864 [info] > git status -z -uall [2ms]
2023-04-17 21:05:42.898 [info] > git config --get commit.template [14ms]
2023-04-17 21:05:42.901 [info] > git for-each-ref --format=%(refname)%00%(upstream:short)%00%(objectname)%00%(upstream:track)%00%(upstream:remotename)%00%(upstream:remoteref) refs/heads/main refs/remotes/main [3ms]
2023-04-17 21:05:42.911 [info] > git status -z -uall [2ms]
2023-04-17 21:05:42.992 [info] > git ls-files --stage -- /home/haru/BD/tp1_joaopedroamoedo_isabelleserique/scripts/tp1_3.3.py [8ms]
2023-04-17 21:05:42.999 [info] > git ls-files --stage -- /home/haru/BD/tp1_joaopedroamoedo_isabelleserique/scripts/tp1_3.2.py [22ms]
2023-04-17 21:05:43.007 [info] > git cat-file -s b2dbd724c5bd959edc6e99f1346c5c713776ca1b [7ms]
2023-04-17 21:05:43.007 [info] > git ls-files --stage -- /home/haru/BD/tp1_joaopedroamoedo_isabelleserique/.tp1/bin/activate [15ms]
2023-04-17 21:05:43.007 [info] > git cat-file -s 0b779547e30b8581328380be2d8f5e617d79d278 [1ms]
2023-04-17 21:05:43.035 [info] > git show --textconv :scripts/tp1_3.3.py [18ms]
2023-04-17 21:05:43.035 [info] > git show --textconv :.tp1/bin/activate [10ms]
2023-04-17 21:05:43.036 [info] > git show --textconv :scripts/tp1_3.2.py [3ms]
2023-04-17 21:05:53.175 [info] > git ls-files --stage -- /home/haru/BD/tp1_joaopedroamoedo_isabelleserique/scripts/tp1_3.3.py [10ms]
2023-04-17 21:05:53.183 [info] > git ls-files --stage -- /home/haru/BD/tp1_joaopedroamoedo_isabelleserique/scripts/tp1_3.2.py [26ms]
2023-04-17 21:05:53.193 [info] > git config --get commit.template [47ms]
2023-04-17 21:05:53.202 [info] > git cat-file -s b2dbd724c5bd959edc6e99f1346c5c713776ca1b [19ms]
2023-04-17 21:05:53.202 [info] > git ls-files --stage -- /home/haru/BD/tp1_joaopedroamoedo_isabelleserique/.tp1/bin/activate [28ms]
2023-04-17 21:05:53.203 [info] > git for-each-ref --format=%(refname)%00%(upstream:short)%00%(objectname)%00%(upstream:track)%00%(upstream:remotename)%00%(upstream:remoteref) refs/heads/main refs/remotes/main [2ms]
2023-04-17 21:05:53.213 [info] > git cat-file -s 0b779547e30b8581328380be2d8f5e617d79d278 [19ms]
2023-04-17 21:05:53.214 [info] > git status -z -uall [2ms]
2023-04-17 21:05:53.250 [info] > git show --textconv :scripts/tp1_3.3.py [23ms]
2023-04-17 21:05:53.250 [info] > git show --textconv :.tp1/bin/activate [15ms]
2023-04-17 21:05:53.252 [info] > git show --textconv :scripts/tp1_3.2.py [3ms]
2023-04-17 21:07:27.938 [info] > git config --get commit.template [8ms]
2023-04-17 21:07:27.939 [info] > git for-each-ref --format=%(refname)%00%(upstream:short)%00%(objectname)%00%(upstream:track)%00%(upstream:remotename)%00%(upstream:remoteref) refs/heads/main refs/remotes/main [2ms]
2023-04-17 21:07:27.948 [info] > git status -z -uall [2ms]
2023-04-17 21:17:07.497 [info] > git config --get commit.template [17ms]
2023-04-17 21:17:07.498 [info] > git for-each-ref --format=%(refname)%00%(upstream:short)%00%(objectname)%00%(upstream:track)%00%(upstream:remotename)%00%(upstream:remoteref) refs/heads/main refs/remotes/main [3ms]
2023-04-17 21:17:07.509 [info] > git status -z -uall [2ms]
2023-04-17 21:17:13.698 [info] > git config --get commit.template [10ms]
2023-04-17 21:17:13.700 [info] > git for-each-ref --format=%(refname)%00%(upstream:short)%00%(objectname)%00%(upstream:track)%00%(upstream:remotename)%00%(upstream:remoteref) refs/heads/main refs/remotes/main [2ms]
2023-04-17 21:17:13.712 [info] > git status -z -uall [3ms]
2023-04-17 21:17:13.801 [info] > git ls-files --stage -- /home/haru/BD/tp1_joaopedroamoedo_isabelleserique/scripts/tp1_3.3.py [9ms]
2023-04-17 21:17:13.809 [info] > git ls-files --stage -- /home/haru/BD/tp1_joaopedroamoedo_isabelleserique/scripts/tp1_3.2.py [25ms]
2023-04-17 21:17:13.817 [info] > git cat-file -s 2f2c204cf8bfdd7b1e284f78a0e0ca8bf34e12aa [9ms]
2023-04-17 21:17:13.817 [info] > git ls-files --stage -- /home/haru/BD/tp1_joaopedroamoedo_isabelleserique/.tp1/bin/activate [17ms]
2023-04-17 21:17:13.818 [info] > git cat-file -s 0b779547e30b8581328380be2d8f5e617d79d278 [2ms]
2023-04-17 21:17:13.844 [info] > git show --textconv :scripts/tp1_3.3.py [15ms]
2023-04-17 21:17:13.845 [info] > git show --textconv :.tp1/bin/activate [9ms]
2023-04-17 21:17:13.846 [info] > git show --textconv :scripts/tp1_3.2.py [2ms]
2023-04-17 21:17:23.696 [info] > git config --get commit.template [11ms]
2023-04-17 21:17:23.697 [info] > git for-each-ref --format=%(refname)%00%(upstream:short)%00%(objectname)%00%(upstream:track)%00%(upstream:remotename)%00%(upstream:remoteref) refs/heads/main refs/remotes/main [2ms]
2023-04-17 21:17:23.707 [info] > git status -z -uall [2ms]
2023-04-17 21:17:23.792 [info] > git ls-files --stage -- /home/haru/BD/tp1_joaopedroamoedo_isabelleserique/scripts/tp1_3.3.py [9ms]
2023-04-17 21:17:23.799 [info] > git ls-files --stage -- /home/haru/BD/tp1_joaopedroamoedo_isabelleserique/scripts/tp1_3.2.py [22ms]
2023-04-17 21:17:23.807 [info] > git cat-file -s 2f2c204cf8bfdd7b1e284f78a0e0ca8bf34e12aa [8ms]
2023-04-17 21:17:23.807 [info] > git ls-files --stage -- /home/haru/BD/tp1_joaopedroamoedo_isabelleserique/.tp1/bin/activate [15ms]
2023-04-17 21:17:23.808 [info] > git cat-file -s 0b779547e30b8581328380be2d8f5e617d79d278 [2ms]
2023-04-17 21:17:23.834 [info] > git show --textconv :scripts/tp1_3.3.py [16ms]
2023-04-17 21:17:23.834 [info] > git show --textconv :.tp1/bin/activate [8ms]
2023-04-17 21:17:23.835 [info] > git show --textconv :scripts/tp1_3.2.py [2ms]
2023-04-17 21:17:31.585 [info] > git config --get commit.template [2ms]
2023-04-17 21:17:31.598 [info] > git for-each-ref --format=%(refname)%00%(upstream:short)%00%(objectname)%00%(upstream:track)%00%(upstream:remotename)%00%(upstream:remoteref) refs/heads/main refs/remotes/main [3ms]
2023-04-17 21:17:31.609 [info] > git status -z -uall [3ms]
2023-04-17 21:17:31.670 [info] > git ls-files --stage -- /home/haru/BD/tp1_joaopedroamoedo_isabelleserique/scripts/tp1_3.3.py [9ms]
2023-04-17 21:17:31.679 [info] > git ls-files --stage -- /home/haru/BD/tp1_joaopedroamoedo_isabelleserique/scripts/tp1_3.2.py [28ms]
2023-04-17 21:17:31.689 [info] > git cat-file -s 2f2c204cf8bfdd7b1e284f78a0e0ca8bf34e12aa [9ms]
2023-04-17 21:17:31.689 [info] > git ls-files --stage -- /home/haru/BD/tp1_joaopedroamoedo_isabelleserique/.tp1/bin/activate [20ms]
2023-04-17 21:17:31.690 [info] > git cat-file -s 0b779547e30b8581328380be2d8f5e617d79d278 [3ms]
2023-04-17 21:17:31.721 [info] > git show --textconv :scripts/tp1_3.3.py [21ms]
2023-04-17 21:17:31.722 [info] > git show --textconv :.tp1/bin/activate [13ms]
2023-04-17 21:17:31.723 [info] > git show --textconv :scripts/tp1_3.2.py [5ms]
2023-04-17 21:18:27.921 [info] > git config --get commit.template [8ms]
2023-04-17 21:18:27.922 [info] > git for-each-ref --format=%(refname)%00%(upstream:short)%00%(objectname)%00%(upstream:track)%00%(upstream:remotename)%00%(upstream:remoteref) refs/heads/main refs/remotes/main [1ms]
2023-04-17 21:18:27.930 [info] > git status -z -uall [2ms]
2023-04-17 21:37:45.699 [info] > git config --get commit.template [11ms]
2023-04-17 21:37:45.712 [info] > git for-each-ref --format=%(refname)%00%(upstream:short)%00%(objectname)%00%(upstream:track)%00%(upstream:remotename)%00%(upstream:remoteref) refs/heads/main refs/remotes/main [15ms]
2023-04-17 21:37:45.724 [info] > git status -z -uall [3ms]
2023-04-17 21:51:17.244 [info] > git config --get commit.template [2ms]
2023-04-17 21:51:17.256 [info] > git for-each-ref --format=%(refname)%00%(upstream:short)%00%(objectname)%00%(upstream:track)%00%(upstream:remotename)%00%(upstream:remoteref) refs/heads/main refs/remotes/main [2ms]
2023-04-17 21:51:17.267 [info] > git status -z -uall [2ms]
2023-04-17 21:51:22.377 [info] > git config --get commit.template [17ms]
2023-04-17 21:51:22.378 [info] > git for-each-ref --format=%(refname)%00%(upstream:short)%00%(objectname)%00%(upstream:track)%00%(upstream:remotename)%00%(upstream:remoteref) refs/heads/main refs/remotes/main [3ms]
2023-04-17 21:51:22.391 [info] > git status -z -uall [2ms]
2023-04-17 21:51:22.495 [info] > git ls-files --stage -- /home/haru/BD/tp1_joaopedroamoedo_isabelleserique/scripts/tp1_3.3.py [11ms]
2023-04-17 21:51:22.503 [info] > git ls-files --stage -- /home/haru/BD/tp1_joaopedroamoedo_isabelleserique/scripts/tp1_3.2.py [30ms]
2023-04-17 21:51:22.513 [info] > git cat-file -s 963d1f6e777263b5cc632954bed28c29b333f306 [10ms]
2023-04-17 21:51:22.513 [info] > git ls-files --stage -- /home/haru/BD/tp1_joaopedroamoedo_isabelleserique/.tp1/bin/activate [20ms]
2023-04-17 21:51:22.515 [info] > git cat-file -s 0b779547e30b8581328380be2d8f5e617d79d278 [3ms]
2023-04-17 21:51:22.542 [info] > git show --textconv :scripts/tp1_3.3.py [16ms]
2023-04-17 21:51:22.542 [info] > git show --textconv :.tp1/bin/activate [9ms]
2023-04-17 21:51:22.543 [info] > git show --textconv :scripts/tp1_3.2.py [2ms]
2023-04-17 21:51:49.286 [info] > git config --get commit.template [13ms]
2023-04-17 21:51:49.287 [info] > git for-each-ref --format=%(refname)%00%(upstream:short)%00%(objectname)%00%(upstream:track)%00%(upstream:remotename)%00%(upstream:remoteref) refs/heads/main refs/remotes/main [2ms]
2023-04-17 21:51:49.299 [info] > git status -z -uall [3ms]
2023-04-17 21:51:49.387 [info] > git ls-files --stage -- /home/haru/BD/tp1_joaopedroamoedo_isabelleserique/scripts/tp1_3.3.py [9ms]
2023-04-17 21:51:49.394 [info] > git ls-files --stage -- /home/haru/BD/tp1_joaopedroamoedo_isabelleserique/scripts/tp1_3.2.py [23ms]
2023-04-17 21:51:49.401 [info] > git cat-file -s 963d1f6e777263b5cc632954bed28c29b333f306 [7ms]
2023-04-17 21:51:49.402 [info] > git ls-files --stage -- /home/haru/BD/tp1_joaopedroamoedo_isabelleserique/.tp1/bin/activate [16ms]
2023-04-17 21:51:49.402 [info] > git cat-file -s 0b779547e30b8581328380be2d8f5e617d79d278 [1ms]
2023-04-17 21:51:49.430 [info] > git show --textconv :scripts/tp1_3.3.py [16ms]
2023-04-17 21:51:49.430 [info] > git show --textconv :.tp1/bin/activate [9ms]
2023-04-17 21:51:49.432 [info] > git show --textconv :scripts/tp1_3.2.py [3ms]
2023-04-17 21:51:56.827 [info] > git config --get commit.template [10ms]
2023-04-17 21:51:56.828 [info] > git for-each-ref --format=%(refname)%00%(upstream:short)%00%(objectname)%00%(upstream:track)%00%(upstream:remotename)%00%(upstream:remoteref) refs/heads/main refs/remotes/main [1ms]
2023-04-17 21:51:56.839 [info] > git status -z -uall [2ms]
2023-04-17 21:51:56.927 [info] > git ls-files --stage -- /home/haru/BD/tp1_joaopedroamoedo_isabelleserique/scripts/tp1_3.3.py [9ms]
2023-04-17 21:51:56.935 [info] > git ls-files --stage -- /home/haru/BD/tp1_joaopedroamoedo_isabelleserique/scripts/tp1_3.2.py [25ms]
2023-04-17 21:51:56.944 [info] > git cat-file -s 963d1f6e777263b5cc632954bed28c29b333f306 [8ms]
2023-04-17 21:51:56.944 [info] > git ls-files --stage -- /home/haru/BD/tp1_joaopedroamoedo_isabelleserique/.tp1/bin/activate [17ms]
2023-04-17 21:51:56.945 [info] > git cat-file -s 0b779547e30b8581328380be2d8f5e617d79d278 [2ms]
2023-04-17 21:51:56.973 [info] > git show --textconv :scripts/tp1_3.3.py [18ms]
2023-04-17 21:51:56.973 [info] > git show --textconv :.tp1/bin/activate [10ms]
2023-04-17 21:51:56.975 [info] > git show --textconv :scripts/tp1_3.2.py [2ms]
2023-04-17 21:53:46.620 [info] > git config --get commit.template [16ms]
2023-04-17 21:53:46.622 [info] > git for-each-ref --format=%(refname)%00%(upstream:short)%00%(objectname)%00%(upstream:track)%00%(upstream:remotename)%00%(upstream:remoteref) refs/heads/main refs/remotes/main [4ms]
2023-04-17 21:53:46.635 [info] > git status -z -uall [3ms]
2023-04-17 22:52:17.681 [info] > git config --get commit.template [8ms]
2023-04-17 22:52:17.683 [info] > git for-each-ref --format=%(refname)%00%(upstream:short)%00%(objectname)%00%(upstream:track)%00%(upstream:remotename)%00%(upstream:remoteref) refs/heads/main refs/remotes/main [2ms]
2023-04-17 22:52:17.691 [info] > git status -z -uall [2ms]
2023-04-17 23:11:59.499 [info] > git config --get commit.template [12ms]
2023-04-17 23:11:59.500 [info] > git for-each-ref --format=%(refname)%00%(upstream:short)%00%(objectname)%00%(upstream:track)%00%(upstream:remotename)%00%(upstream:remoteref) refs/heads/main refs/remotes/main [2ms]
2023-04-17 23:11:59.510 [info] > git status -z -uall [2ms]
2023-04-17 23:12:11.414 [info] > git config --get commit.template [2ms]
2023-04-17 23:12:11.424 [info] > git for-each-ref --format=%(refname)%00%(upstream:short)%00%(objectname)%00%(upstream:track)%00%(upstream:remotename)%00%(upstream:remoteref) refs/heads/main refs/remotes/main [2ms]
2023-04-17 23:12:11.433 [info] > git status -z -uall [2ms]
2023-04-17 23:12:14.594 [info] > git ls-files --stage -- /home/haru/BD/tp1_joaopedroamoedo_isabelleserique/scripts/tp1_3.3.py [9ms]
2023-04-17 23:12:14.601 [info] > git ls-files --stage -- /home/haru/BD/tp1_joaopedroamoedo_isabelleserique/scripts/tp1_3.2.py [23ms]
2023-04-17 23:12:14.610 [info] > git cat-file -s 098eec03aeac7a3265fb5fd86293cb7a6ba81846 [9ms]
2023-04-17 23:12:14.610 [info] > git ls-files --stage -- /home/haru/BD/tp1_joaopedroamoedo_isabelleserique/.tp1/bin/activate [16ms]
2023-04-17 23:12:14.611 [info] > git cat-file -s 0b779547e30b8581328380be2d8f5e617d79d278 [2ms]
2023-04-17 23:12:14.639 [info] > git show --textconv :scripts/tp1_3.3.py [17ms]
2023-04-17 23:12:14.639 [info] > git show --textconv :.tp1/bin/activate [9ms]
2023-04-17 23:12:14.640 [info] > git show --textconv :scripts/tp1_3.2.py [2ms]
2023-04-17 23:12:16.457 [info] > git config --get commit.template [11ms]
2023-04-17 23:12:16.459 [info] > git for-each-ref --format=%(refname)%00%(upstream:short)%00%(objectname)%00%(upstream:track)%00%(upstream:remotename)%00%(upstream:remoteref) refs/heads/main refs/remotes/main [3ms]
2023-04-17 23:12:16.470 [info] > git status -z -uall [2ms]
2023-04-17 23:12:38.776 [info] > git config --get commit.template [15ms]
2023-04-17 23:12:38.779 [info] > git for-each-ref --format=%(refname)%00%(upstream:short)%00%(objectname)%00%(upstream:track)%00%(upstream:remotename)%00%(upstream:remoteref) refs/heads/main refs/remotes/main [4ms]
2023-04-17 23:12:38.792 [info] > git status -z -uall [2ms]
2023-04-17 23:12:38.874 [info] > git ls-files --stage -- /home/haru/BD/tp1_joaopedroamoedo_isabelleserique/scripts/tp1_3.3.py [8ms]
2023-04-17 23:12:38.881 [info] > git ls-files --stage -- /home/haru/BD/tp1_joaopedroamoedo_isabelleserique/scripts/tp1_3.2.py [20ms]
2023-04-17 23:12:38.887 [info] > git cat-file -s 098eec03aeac7a3265fb5fd86293cb7a6ba81846 [7ms]
2023-04-17 23:12:38.887 [info] > git ls-files --stage -- /home/haru/BD/tp1_joaopedroamoedo_isabelleserique/.tp1/bin/activate [15ms]
2023-04-17 23:12:38.888 [info] > git cat-file -s 0b779547e30b8581328380be2d8f5e617d79d278 [2ms]
2023-04-17 23:12:38.909 [info] > git show --textconv :scripts/tp1_3.3.py [13ms]
2023-04-17 23:12:38.909 [info] > git show --textconv :.tp1/bin/activate [6ms]
2023-04-17 23:12:38.910 [info] > git show --textconv :scripts/tp1_3.2.py [1ms]
2023-04-17 23:12:44.037 [info] > git config --get commit.template [9ms]
2023-04-17 23:12:44.038 [info] > git for-each-ref --format=%(refname)%00%(upstream:short)%00%(objectname)%00%(upstream:track)%00%(upstream:remotename)%00%(upstream:remoteref) refs/heads/main refs/remotes/main [2ms]
2023-04-17 23:12:44.047 [info] > git status -z -uall [2ms]
2023-04-17 23:12:44.155 [info] > git ls-files --stage -- /home/haru/BD/tp1_joaopedroamoedo_isabelleserique/scripts/tp1_3.3.py [13ms]
2023-04-17 23:12:44.164 [info] > git ls-files --stage -- /home/haru/BD/tp1_joaopedroamoedo_isabelleserique/scripts/tp1_3.2.py [32ms]
2023-04-17 23:12:44.172 [info] > git cat-file -s 098eec03aeac7a3265fb5fd86293cb7a6ba81846 [9ms]
2023-04-17 23:12:44.173 [info] > git ls-files --stage -- /home/haru/BD/tp1_joaopedroamoedo_isabelleserique/.tp1/bin/activate [21ms]
2023-04-17 23:12:44.173 [info] > git cat-file -s 0b779547e30b8581328380be2d8f5e617d79d278 [2ms]
2023-04-17 23:12:44.191 [info] > git show --textconv :scripts/tp1_3.3.py [9ms]
2023-04-17 23:12:44.192 [info] > git show --textconv :.tp1/bin/activate [2ms]
2023-04-17 23:12:44.202 [info] > git show --textconv :scripts/tp1_3.2.py [2ms]
2023-04-17 23:13:50.165 [info] > git ls-files --stage -- /home/haru/BD/tp1_joaopedroamoedo_isabelleserique/requirements.txt [2ms]
2023-04-17 23:13:50.263 [info] > git show --textconv :requirements.txt [110ms]
2023-04-17 23:13:50.264 [info] > git cat-file -s 54e31f18473b53dabfd5e0cd1a404bebb511369b [89ms]
2023-04-17 23:14:07.973 [info] > git config --get commit.template [6ms]
2023-04-17 23:14:07.974 [info] > git for-each-ref --format=%(refname)%00%(upstream:short)%00%(objectname)%00%(upstream:track)%00%(upstream:remotename)%00%(upstream:remoteref) refs/heads/main refs/remotes/main [2ms]
2023-04-17 23:14:07.982 [info] > git status -z -uall [2ms]
2023-04-17 23:14:13.877 [info] > git config --get commit.template [7ms]
2023-04-17 23:14:13.878 [info] > git for-each-ref --format=%(refname)%00%(upstream:short)%00%(objectname)%00%(upstream:track)%00%(upstream:remotename)%00%(upstream:remoteref) refs/heads/main refs/remotes/main [2ms]
2023-04-17 23:14:13.886 [info] > git status -z -uall [2ms]
2023-04-17 23:15:44.010 [info] > git config --get commit.template [8ms]
2023-04-17 23:15:44.011 [info] > git for-each-ref --format=%(refname)%00%(upstream:short)%00%(objectname)%00%(upstream:track)%00%(upstream:remotename)%00%(upstream:remoteref) refs/heads/main refs/remotes/main [2ms]
2023-04-17 23:15:44.020 [info] > git status -z -uall [2ms]
2023-04-17 23:15:46.154 [info] > git show --textconv :.gitignore [12ms]
2023-04-17 23:15:46.156 [info] > git ls-files --stage -- /home/haru/BD/tp1_joaopedroamoedo_isabelleserique/.gitignore [3ms]
2023-04-17 23:15:46.169 [info] > git cat-file -s b8f07c1817bd50c72013aab67b04ae15fe5a6229 [2ms]
2023-04-17 23:15:46.918 [info] > git show --textconv :docker-compose.yml [9ms]
2023-04-17 23:15:46.920 [info] > git ls-files --stage -- /home/haru/BD/tp1_joaopedroamoedo_isabelleserique/docker-compose.yml [2ms]
2023-04-17 23:15:46.938 [info] > git cat-file -s 883243a18ae67faad52abc1e69d79d345860ca93 [10ms]
2023-04-17 23:15:48.157 [info] > git show --textconv :requirements.txt [11ms]
2023-04-17 23:15:48.159 [info] > git ls-files --stage -- /home/haru/BD/tp1_joaopedroamoedo_isabelleserique/requirements.txt [3ms]
2023-04-17 23:15:48.169 [info] > git cat-file -s 54e31f18473b53dabfd5e0cd1a404bebb511369b [2ms]
2023-04-17 23:19:43.153 [info] > git config --get commit.template [12ms]
2023-04-17 23:19:43.154 [info] > git for-each-ref --format=%(refname)%00%(upstream:short)%00%(objectname)%00%(upstream:track)%00%(upstream:remotename)%00%(upstream:remoteref) refs/heads/main refs/remotes/main [2ms]
2023-04-17 23:19:43.163 [info] > git status -z -uall [2ms]
2023-04-17 23:21:02.519 [info] > git config --get commit.template [30ms]
2023-04-17 23:21:02.522 [info] > git for-each-ref --format=%(refname)%00%(upstream:short)%00%(objectname)%00%(upstream:track)%00%(upstream:remotename)%00%(upstream:remoteref) refs/heads/main refs/remotes/main [5ms]
2023-04-17 23:21:02.548 [info] > git status -z -uall [4ms]
2023-04-17 23:21:32.281 [info] > git config --get commit.template [15ms]
2023-04-17 23:21:32.299 [info] > git for-each-ref --format=%(refname)%00%(upstream:short)%00%(objectname)%00%(upstream:track)%00%(upstream:remotename)%00%(upstream:remoteref) refs/heads/main refs/remotes/main [9ms]
2023-04-17 23:21:32.308 [info] > git status -z -uall [3ms]
2023-04-17 23:21:46.343 [info] > git config --get commit.template [12ms]
2023-04-17 23:21:46.345 [info] > git for-each-ref --format=%(refname)%00%(upstream:short)%00%(objectname)%00%(upstream:track)%00%(upstream:remotename)%00%(upstream:remoteref) refs/heads/main refs/remotes/main [3ms]
2023-04-17 23:21:46.358 [info] > git status -z -uall [3ms]
2023-04-17 23:21:55.085 [info] > git config --get commit.template [16ms]
2023-04-17 23:21:55.087 [info] > git for-each-ref --format=%(refname)%00%(upstream:short)%00%(objectname)%00%(upstream:track)%00%(upstream:remotename)%00%(upstream:remoteref) refs/heads/main refs/remotes/main [3ms]
2023-04-17 23:21:55.103 [info] > git status -z -uall [3ms]
2023-04-17 23:22:00.773 [info] > git config --get commit.template [12ms]
2023-04-17 23:22:00.775 [info] > git for-each-ref --format=%(refname)%00%(upstream:short)%00%(objectname)%00%(upstream:track)%00%(upstream:remotename)%00%(upstream:remoteref) refs/heads/main refs/remotes/main [2ms]
2023-04-17 23:22:00.788 [info] > git status -z -uall [2ms]
2023-04-17 23:22:00.876 [info] > git ls-files --stage -- /home/haru/BD/tp1_joaopedroamoedo_isabelleserique/scripts/tp1_3.3.py [8ms]
2023-04-17 23:22:00.884 [info] > git ls-files --stage -- /home/haru/BD/tp1_joaopedroamoedo_isabelleserique/scripts/tp1_3.2.py [25ms]
2023-04-17 23:22:00.892 [info] > git cat-file -s 9b85dc9c83cfff717ed8929dda8e11ebbe4ab381 [9ms]
2023-04-17 23:22:00.892 [info] > git ls-files --stage -- /home/haru/BD/tp1_joaopedroamoedo_isabelleserique/requirements.txt [17ms]
2023-04-17 23:22:00.900 [info] > git cat-file -s 0b779547e30b8581328380be2d8f5e617d79d278 [9ms]
2023-04-17 23:22:00.901 [info] > git cat-file -s 54e31f18473b53dabfd5e0cd1a404bebb511369b [2ms]
2023-04-17 23:22:00.932 [info] > git show --textconv :scripts/tp1_3.3.py [18ms]
2023-04-17 23:22:00.932 [info] > git show --textconv :scripts/tp1_3.2.py [9ms]
2023-04-17 23:22:00.933 [info] > git show --textconv :requirements.txt [2ms]
2023-04-17 23:22:25.113 [info] > git config --get commit.template [8ms]
2023-04-17 23:22:25.114 [info] > git for-each-ref --format=%(refname)%00%(upstream:short)%00%(objectname)%00%(upstream:track)%00%(upstream:remotename)%00%(upstream:remoteref) refs/heads/main refs/remotes/main [2ms]
2023-04-17 23:22:25.124 [info] > git status -z -uall [2ms]
2023-04-17 23:22:25.234 [info] > git ls-files --stage -- /home/haru/BD/tp1_joaopedroamoedo_isabelleserique/scripts/tp1_3.3.py [9ms]
2023-04-17 23:22:25.242 [info] > git ls-files --stage -- /home/haru/BD/tp1_joaopedroamoedo_isabelleserique/scripts/tp1_3.2.py [29ms]
2023-04-17 23:22:25.250 [info] > git cat-file -s 9b85dc9c83cfff717ed8929dda8e11ebbe4ab381 [8ms]
2023-04-17 23:22:25.250 [info] > git ls-files --stage -- /home/haru/BD/tp1_joaopedroamoedo_isabelleserique/requirements.txt [17ms]
2023-04-17 23:22:25.258 [info] > git cat-file -s 0b779547e30b8581328380be2d8f5e617d79d278 [9ms]
2023-04-17 23:22:25.259 [info] > git cat-file -s 54e31f18473b53dabfd5e0cd1a404bebb511369b [1ms]
2023-04-17 23:22:25.285 [info] > git show --textconv :scripts/tp1_3.3.py [15ms]
2023-04-17 23:22:25.285 [info] > git show --textconv :scripts/tp1_3.2.py [8ms]
2023-04-17 23:22:25.286 [info] > git show --textconv :requirements.txt [1ms]
2023-04-17 23:22:30.470 [info] > git config --get commit.template [8ms]
2023-04-17 23:22:30.471 [info] > git for-each-ref --format=%(refname)%00%(upstream:short)%00%(objectname)%00%(upstream:track)%00%(upstream:remotename)%00%(upstream:remoteref) refs/heads/main refs/remotes/main [2ms]
2023-04-17 23:22:30.481 [info] > git status -z -uall [2ms]
2023-04-17 23:22:30.597 [info] > git ls-files --stage -- /home/haru/BD/tp1_joaopedroamoedo_isabelleserique/scripts/tp1_3.3.py [10ms]
2023-04-17 23:22:30.607 [info] > git ls-files --stage -- /home/haru/BD/tp1_joaopedroamoedo_isabelleserique/scripts/tp1_3.2.py [30ms]
2023-04-17 23:22:30.617 [info] > git cat-file -s 9b85dc9c83cfff717ed8929dda8e11ebbe4ab381 [10ms]
2023-04-17 23:22:30.618 [info] > git ls-files --stage -- /home/haru/BD/tp1_joaopedroamoedo_isabelleserique/requirements.txt [22ms]
2023-04-17 23:22:30.628 [info] > git cat-file -s 0b779547e30b8581328380be2d8f5e617d79d278 [12ms]
2023-04-17 23:22:30.629 [info] > git cat-file -s 54e31f18473b53dabfd5e0cd1a404bebb511369b [1ms]
2023-04-17 23:22:30.677 [info] > git show --textconv :scripts/tp1_3.3.py [19ms]
2023-04-17 23:22:30.677 [info] > git show --textconv :scripts/tp1_3.2.py [10ms]
2023-04-17 23:22:30.678 [info] > git show --textconv :requirements.txt [2ms]
2023-04-17 23:22:48.252 [info] > git show --textconv :documentacao/Instructions.txt [9ms]
2023-04-17 23:22:48.253 [info] > git ls-files --stage -- /home/haru/BD/tp1_joaopedroamoedo_isabelleserique/documentacao/Instructions.txt [1ms]
2023-04-17 23:22:49.015 [info] > git config --get commit.template [13ms]
2023-04-17 23:22:49.015 [info] > git for-each-ref --format=%(refname)%00%(upstream:short)%00%(objectname)%00%(upstream:track)%00%(upstream:remotename)%00%(upstream:remoteref) refs/heads/main refs/remotes/main [3ms]
2023-04-17 23:22:49.029 [info] > git status -z -uall [2ms]
2023-04-17 23:27:46.744 [info] > git config --get commit.template [13ms]
2023-04-17 23:27:46.744 [info] > git for-each-ref --format=%(refname)%00%(upstream:short)%00%(objectname)%00%(upstream:track)%00%(upstream:remotename)%00%(upstream:remoteref) refs/heads/main refs/remotes/main [2ms]
2023-04-17 23:27:46.758 [info] > git status -z -uall [3ms]
2023-04-17 23:27:51.102 [info] > git ls-files --stage -- /home/haru/BD/tp1_joaopedroamoedo_isabelleserique/requirements.txt [7ms]
2023-04-17 23:27:51.109 [info] > git ls-files --stage -- /home/haru/BD/tp1_joaopedroamoedo_isabelleserique/scripts/tp1_3.3.py [21ms]
2023-04-17 23:27:51.117 [info] > git ls-files --stage -- /home/haru/BD/tp1_joaopedroamoedo_isabelleserique/scripts/tp1_3.2.py [35ms]
2023-04-17 23:27:51.126 [info] > git cat-file -s 9b85dc9c83cfff717ed8929dda8e11ebbe4ab381 [8ms]
2023-04-17 23:27:51.126 [info] > git cat-file -s 54e31f18473b53dabfd5e0cd1a404bebb511369b [17ms]
2023-04-17 23:27:51.126 [info] > git ls-files --stage -- /home/haru/BD/tp1_joaopedroamoedo_isabelleserique/documentacao/Instructions.txt [25ms]
2023-04-17 23:27:51.134 [info] > git cat-file -s 0b779547e30b8581328380be2d8f5e617d79d278 [9ms]
2023-04-17 23:27:51.151 [info] > git show --textconv :scripts/tp1_3.3.py [8ms]
2023-04-17 23:27:51.151 [info] > git cat-file -s fc0a0d75c548833011dafd37b23b3c9aa8658de1 [18ms]
2023-04-17 23:27:51.159 [info] > git show --textconv :requirements.txt [9ms]
2023-04-17 23:27:51.160 [info] > git show --textconv :scripts/tp1_3.2.py [1ms]
2023-04-17 23:27:51.171 [info] > git show --textconv :documentacao/Instructions.txt [2ms]
2023-04-17 23:27:51.785 [info] > git config --get commit.template [12ms]
2023-04-17 23:27:51.787 [info] > git for-each-ref --format=%(refname)%00%(upstream:short)%00%(objectname)%00%(upstream:track)%00%(upstream:remotename)%00%(upstream:remoteref) refs/heads/main refs/remotes/main [3ms]
2023-04-17 23:27:51.801 [info] > git status -z -uall [3ms]
2023-04-17 23:28:06.073 [info] > git config --get commit.template [12ms]
2023-04-17 23:28:06.075 [info] > git for-each-ref --format=%(refname)%00%(upstream:short)%00%(objectname)%00%(upstream:track)%00%(upstream:remotename)%00%(upstream:remoteref) refs/heads/main refs/remotes/main [2ms]
2023-04-17 23:28:06.084 [info] > git status -z -uall [2ms]
2023-04-17 23:28:06.177 [info] > git ls-files --stage -- /home/haru/BD/tp1_joaopedroamoedo_isabelleserique/requirements.txt [8ms]
2023-04-17 23:28:06.184 [info] > git ls-files --stage -- /home/haru/BD/tp1_joaopedroamoedo_isabelleserique/scripts/tp1_3.3.py [23ms]
2023-04-17 23:28:06.193 [info] > git ls-files --stage -- /home/haru/BD/tp1_joaopedroamoedo_isabelleserique/scripts/tp1_3.2.py [39ms]
2023-04-17 23:28:06.201 [info] > git cat-file -s 9b85dc9c83cfff717ed8929dda8e11ebbe4ab381 [9ms]
2023-04-17 23:28:06.202 [info] > git cat-file -s 54e31f18473b53dabfd5e0cd1a404bebb511369b [18ms]
2023-04-17 23:28:06.202 [info] > git ls-files --stage -- /home/haru/BD/tp1_joaopedroamoedo_isabelleserique/documentacao/Instructions.txt [27ms]
2023-04-17 23:28:06.210 [info] > git cat-file -s 0b779547e30b8581328380be2d8f5e617d79d278 [10ms]
2023-04-17 23:28:06.211 [info] > git cat-file -s fc0a0d75c548833011dafd37b23b3c9aa8658de1 [1ms]
2023-04-17 23:28:06.246 [info] > git show --textconv :scripts/tp1_3.3.py [24ms]
2023-04-17 23:28:06.246 [info] > git show --textconv :requirements.txt [16ms]
2023-04-17 23:28:06.246 [info] > git show --textconv :scripts/tp1_3.2.py [8ms]
2023-04-17 23:28:06.247 [info] > git show --textconv :documentacao/Instructions.txt [1ms]
2023-04-17 23:28:19.089 [info] > git config --get commit.template [12ms]
2023-04-17 23:28:19.091 [info] > git for-each-ref --format=%(refname)%00%(upstream:short)%00%(objectname)%00%(upstream:track)%00%(upstream:remotename)%00%(upstream:remoteref) refs/heads/main refs/remotes/main [3ms]
2023-04-17 23:28:19.102 [info] > git status -z -uall [1ms]
2023-04-17 23:28:19.205 [info] > git ls-files --stage -- /home/haru/BD/tp1_joaopedroamoedo_isabelleserique/requirements.txt [11ms]
2023-04-17 23:28:19.215 [info] > git ls-files --stage -- /home/haru/BD/tp1_joaopedroamoedo_isabelleserique/scripts/tp1_3.3.py [30ms]
2023-04-17 23:28:19.223 [info] > git ls-files --stage -- /home/haru/BD/tp1_joaopedroamoedo_isabelleserique/scripts/tp1_3.2.py [48ms]
2023-04-17 23:28:19.231 [info] > git cat-file -s 9b85dc9c83cfff717ed8929dda8e11ebbe4ab381 [9ms]
2023-04-17 23:28:19.232 [info] > git cat-file -s 54e31f18473b53dabfd5e0cd1a404bebb511369b [16ms]
2023-04-17 23:28:19.232 [info] > git ls-files --stage -- /home/haru/BD/tp1_joaopedroamoedo_isabelleserique/documentacao/Instructions.txt [28ms]
2023-04-17 23:28:19.239 [info] > git cat-file -s 0b779547e30b8581328380be2d8f5e617d79d278 [8ms]
2023-04-17 23:28:19.239 [info] > git cat-file -s fc0a0d75c548833011dafd37b23b3c9aa8658de1 [1ms]
2023-04-17 23:28:19.254 [info] > git show --textconv :scripts/tp1_3.3.py [7ms]
2023-04-17 23:28:19.269 [info] > git show --textconv :requirements.txt [16ms]
2023-04-17 23:28:19.269 [info] > git show --textconv :scripts/tp1_3.2.py [7ms]
2023-04-17 23:28:19.270 [info] > git show --textconv :documentacao/Instructions.txt [1ms]
2023-04-17 23:33:44.082 [info] > git config --get commit.template [10ms]
2023-04-17 23:33:44.083 [info] > git for-each-ref --format=%(refname)%00%(upstream:short)%00%(objectname)%00%(upstream:track)%00%(upstream:remotename)%00%(upstream:remoteref) refs/heads/main refs/remotes/main [2ms]
2023-04-17 23:33:44.093 [info] > git status -z -uall [2ms]
