VS Code was launched from an activated environment: '.tp1', selecting it as the interpreter for workspace.
> conda info --json
Python interpreter path: ./.tp1/bin/python
> ./.tp1/bin/python -I ~/.vscode-oss/extensions/ms-python.python-2023.6.0-universal/pythonFiles/get_output_via_markers.py ~/.vscode-oss/extensions/ms-python.python-2023.6.0-universal/pythonFiles/interpreterInfo.py
> /bin/python -I ~/.vscode-oss/extensions/ms-python.python-2023.6.0-universal/pythonFiles/get_output_via_markers.py ~/.vscode-oss/extensions/ms-python.python-2023.6.0-universal/pythonFiles/interpreterInfo.py
> /sbin/python -I ~/.vscode-oss/extensions/ms-python.python-2023.6.0-universal/pythonFiles/get_output_via_markers.py ~/.vscode-oss/extensions/ms-python.python-2023.6.0-universal/pythonFiles/interpreterInfo.py
> /usr/bin/python -I ~/.vscode-oss/extensions/ms-python.python-2023.6.0-universal/pythonFiles/get_output_via_markers.py ~/.vscode-oss/extensions/ms-python.python-2023.6.0-universal/pythonFiles/interpreterInfo.py
> /usr/sbin/python -I ~/.vscode-oss/extensions/ms-python.python-2023.6.0-universal/pythonFiles/get_output_via_markers.py ~/.vscode-oss/extensions/ms-python.python-2023.6.0-universal/pythonFiles/interpreterInfo.py
Send text to terminal: source /home/haru/esquizoDB/.tp1/bin/activate
[ERROR 2023-3-16 23:5:23.954]: [
  'Failed to activate a workspace, Class name = f, completed in 491ms, has a falsy return value, Arg 1: <Uri:/home/haru/esquizoDB/scripts/tp1_3.2.py>, Return Value: undefined',
  [Error: Extension 'ms-python.python' CANNOT use API proposal: testObserver.
  Its package.json#enabledApiProposals-property declares:  but NOT testObserver.
   The missing proposal MUST be added and you must start in extension development mode or use the following command line switch: --enable-proposed-api ms-python.python
  	at C (/usr/lib/code/out/vs/workbench/api/node/extensionHostProcess.js:94:44957)
  	at get testResults [as testResults] (/usr/lib/code/out/vs/workbench/api/node/extensionHostProcess.js:114:26184)
  	at E.activate (/home/haru/.vscode-oss/extensions/ms-python.python-2023.6.0-universal/out/client/extension.js:2:791545)
  	at /home/haru/.vscode-oss/extensions/ms-python.python-2023.6.0-universal/out/client/extension.js:2:2386
  	at Array.map (<anonymous>)
  	at f.activateWorkspace (/home/haru/.vscode-oss/extensions/ms-python.python-2023.6.0-universal/out/client/extension.js:2:2376)
  	at process.processTicksAndRejections (node:internal/process/task_queues:96:5)]
]
[ERROR 2023-3-16 23:5:23.955]: Failure during activation. [Error: Extension 'ms-python.python' CANNOT use API proposal: testObserver.
Its package.json#enabledApiProposals-property declares:  but NOT testObserver.
 The missing proposal MUST be added and you must start in extension development mode or use the following command line switch: --enable-proposed-api ms-python.python
	at C (/usr/lib/code/out/vs/workbench/api/node/extensionHostProcess.js:94:44957)
	at get testResults [as testResults] (/usr/lib/code/out/vs/workbench/api/node/extensionHostProcess.js:114:26184)
	at E.activate (/home/haru/.vscode-oss/extensions/ms-python.python-2023.6.0-universal/out/client/extension.js:2:791545)
	at /home/haru/.vscode-oss/extensions/ms-python.python-2023.6.0-universal/out/client/extension.js:2:2386
	at Array.map (<anonymous>)
	at f.activateWorkspace (/home/haru/.vscode-oss/extensions/ms-python.python-2023.6.0-universal/out/client/extension.js:2:2376)
	at process.processTicksAndRejections (node:internal/process/task_queues:96:5)]
[ERROR 2023-3-16 23:5:23.955]: sendStartupTelemetry() failed. [Error: Extension 'ms-python.python' CANNOT use API proposal: testObserver.
Its package.json#enabledApiProposals-property declares:  but NOT testObserver.
 The missing proposal MUST be added and you must start in extension development mode or use the following command line switch: --enable-proposed-api ms-python.python
	at C (/usr/lib/code/out/vs/workbench/api/node/extensionHostProcess.js:94:44957)
	at get testResults [as testResults] (/usr/lib/code/out/vs/workbench/api/node/extensionHostProcess.js:114:26184)
	at E.activate (/home/haru/.vscode-oss/extensions/ms-python.python-2023.6.0-universal/out/client/extension.js:2:791545)
	at /home/haru/.vscode-oss/extensions/ms-python.python-2023.6.0-universal/out/client/extension.js:2:2386
	at Array.map (<anonymous>)
	at f.activateWorkspace (/home/haru/.vscode-oss/extensions/ms-python.python-2023.6.0-universal/out/client/extension.js:2:2376)
	at process.processTicksAndRejections (node:internal/process/task_queues:96:5)]
Starting Jedi language server for esquizoDB.
