2023-04-15 22:02:55.382 [info] Added views:workbench.panel.markers.view in workbench.panel.markers
2023-04-15 22:02:55.382 [info] Added views:workbench.panel.output in workbench.panel.output
2023-04-15 22:02:55.382 [info] Added views:terminal in terminal
2023-04-15 22:02:55.382 [info] Added views:outline in workbench.view.explorer
2023-04-15 22:02:55.382 [info] Added views:workbench.scm in workbench.view.scm
2023-04-15 22:02:55.382 [info] Added views:workbench.view.search in workbench.view.search
2023-04-15 22:02:55.382 [info] Added views:timeline in workbench.view.explorer
2023-04-15 22:02:55.382 [info] Added views:workbench.explorer.emptyView in workbench.view.explorer
2023-04-15 22:02:55.704 [info] Added views:workbench.debug.variablesView,workbench.debug.watchExpressionsView,workbench.debug.callStackView,workbench.debug.breakPointsView in workbench.view.debug
2023-04-15 22:02:55.843 [info] Added views:gitlens.views.home,gitlens.views.contributors in workbench.view.extension.gitlens
2023-04-15 22:02:55.845 [info] Added views:gitlens.views.commits,gitlens.views.commitDetails,gitlens.views.fileHistory,gitlens.views.branches,gitlens.views.remotes,gitlens.views.stashes,gitlens.views.tags,gitlens.views.searchAndCompare in workbench.view.scm
2023-04-15 22:02:58.449 [info] Added views:workbench.panel.repl.view in workbench.panel.repl
2023-04-15 22:02:58.451 [info] Removed views:workbench.debug.breakPointsView,workbench.debug.callStackView,workbench.debug.watchExpressionsView,workbench.debug.variablesView from workbench.view.debug
2023-04-15 22:02:58.451 [info] Added views:workbench.debug.welcome in workbench.view.debug
2023-04-15 22:02:59.892 [info] Removed views:gitlens.views.contributors from workbench.view.extension.gitlens
2023-04-15 22:02:59.892 [info] Removed views:gitlens.views.searchAndCompare,gitlens.views.tags,gitlens.views.stashes,gitlens.views.remotes,gitlens.views.branches,gitlens.views.fileHistory,gitlens.views.commitDetails,gitlens.views.commits from workbench.view.scm
2023-04-15 22:02:59.998 [info] Added views:gitlens.views.contributors in workbench.view.extension.gitlens
2023-04-15 22:02:59.999 [info] Added views:gitlens.views.commits,gitlens.views.commitDetails,gitlens.views.fileHistory,gitlens.views.branches,gitlens.views.remotes,gitlens.views.stashes,gitlens.views.tags,gitlens.views.searchAndCompare in workbench.view.scm
2023-04-15 22:03:01.243 [info] Added views:gitlens.views.timeline in workbench.view.extension.gitlensPanel
2023-04-15 22:03:01.252 [info] Added views:gitlens.views.worktrees in workbench.view.scm
