2023-04-15 21:43:52.834 [info] Log level: Info
2023-04-15 21:43:52.835 [info] Validating found git in: "git"
2023-04-15 21:43:52.835 [info] Using git "2.40.0" from "git"
2023-04-15 21:43:52.835 [info] > git rev-parse --show-toplevel [7ms]
2023-04-15 21:43:52.835 [info] > git rev-parse --git-dir --git-common-dir [98ms]
2023-04-15 21:43:52.846 [info] Open repository: /home/haru/esquizoDB
2023-04-15 21:43:53.078 [info] > git config --get commit.template [212ms]
2023-04-15 21:43:53.078 [info] > git rev-parse --show-toplevel [224ms]
2023-04-15 21:43:53.103 [info] > git rev-parse --show-toplevel [15ms]
2023-04-15 21:43:53.145 [info] > git for-each-ref --format=%(refname)%00%(upstream:short)%00%(objectname)%00%(upstream:track)%00%(upstream:remotename)%00%(upstream:remoteref) refs/heads/master refs/remotes/master [43ms]
2023-04-15 21:43:53.182 [info] > git status -z -uall [28ms]
2023-04-15 21:43:53.182 [info] > git rev-parse --show-toplevel [70ms]
2023-04-15 21:43:53.213 [info] > git rev-parse --show-toplevel [22ms]
2023-04-15 21:43:53.231 [info] > git config --get commit.template [20ms]
2023-04-15 21:43:53.286 [info] > git for-each-ref --format=%(refname)%00%(upstream:short)%00%(objectname)%00%(upstream:track)%00%(upstream:remotename)%00%(upstream:remoteref) refs/heads/master refs/remotes/master [29ms]
2023-04-15 21:43:53.294 [info] > git status -z -uall [2ms]
2023-04-15 21:43:53.443 [info] > git show --textconv :scripts/tp1_3.2.py [14ms]
2023-04-15 21:43:53.444 [info] > git ls-files --stage -- /home/haru/esquizoDB/scripts/tp1_3.2.py [8ms]
2023-04-15 21:43:53.452 [info] > git cat-file -s 22a382a12f2fad0ff6b120c5179ebbcb824b55d2 [1ms]
2023-04-15 21:43:53.563 [info] > git check-ignore -v -z --stdin [1ms]
2023-04-15 21:46:00.161 [info] > git check-ignore -v -z --stdin [2ms]
2023-04-15 21:46:43.116 [info] > git config --get commit.template [8ms]
2023-04-15 21:46:43.147 [info] > git for-each-ref --format=%(refname)%00%(upstream:short)%00%(objectname)%00%(upstream:track)%00%(upstream:remotename)%00%(upstream:remoteref) refs/heads/master refs/remotes/master [33ms]
2023-04-15 21:46:43.156 [info] > git status -z -uall [2ms]
2023-04-15 21:47:26.842 [info] > git show --textconv :docker-compose.yml [14ms]
2023-04-15 21:47:26.845 [info] > git ls-files --stage -- /home/haru/esquizoDB/docker-compose.yml [3ms]
2023-04-15 21:47:26.893 [info] > git cat-file -s e168b1a3d04b3b64d342209a619cd41c92d8711e [36ms]
2023-04-15 21:47:28.023 [info] > git show --textconv :scripts/tp1_3.2.py [7ms]
2023-04-15 21:47:28.024 [info] > git ls-files --stage -- /home/haru/esquizoDB/scripts/tp1_3.2.py [1ms]
2023-04-15 21:47:28.042 [info] > git cat-file -s 22a382a12f2fad0ff6b120c5179ebbcb824b55d2 [11ms]
2023-04-15 21:47:48.886 [info] > git show --textconv :scripts/tp1-3.3.py [20ms]
2023-04-15 21:47:48.888 [info] > git ls-files --stage -- /home/haru/esquizoDB/scripts/tp1-3.3.py [13ms]
2023-04-15 21:47:48.898 [info] > git cat-file -s 89b414cdf5e219cb87c78319d55a7427262df86b [2ms]
2023-04-15 21:47:50.838 [info] > git show --textconv :scripts/tp1_3.2.py [16ms]
2023-04-15 21:47:50.840 [info] > git ls-files --stage -- /home/haru/esquizoDB/scripts/tp1_3.2.py [3ms]
2023-04-15 21:47:50.866 [info] > git cat-file -s 22a382a12f2fad0ff6b120c5179ebbcb824b55d2 [13ms]
2023-04-15 21:48:03.449 [info] > git config --get commit.template [29ms]
2023-04-15 21:48:03.465 [info] > git for-each-ref --format=%(refname)%00%(upstream:short)%00%(objectname)%00%(upstream:track)%00%(upstream:remotename)%00%(upstream:remoteref) refs/heads/master refs/remotes/master [18ms]
2023-04-15 21:48:03.494 [info] > git status -z -uall [7ms]
2023-04-15 21:51:13.404 [info] > git config --get commit.template [11ms]
2023-04-15 21:51:13.405 [info] > git for-each-ref --format=%(refname)%00%(upstream:short)%00%(objectname)%00%(upstream:track)%00%(upstream:remotename)%00%(upstream:remoteref) refs/heads/master refs/remotes/master [1ms]
2023-04-15 21:51:13.416 [info] > git status -z -uall [2ms]
2023-04-15 21:54:38.916 [info] > git config --get commit.template [16ms]
2023-04-15 21:54:38.953 [info] > git for-each-ref --format=%(refname)%00%(upstream:short)%00%(objectname)%00%(upstream:track)%00%(upstream:remotename)%00%(upstream:remoteref) refs/heads/master refs/remotes/master [38ms]
2023-04-15 21:54:38.975 [info] > git status -z -uall [13ms]
