2023-04-17 11:51:44.381 [info] Log level: Info
2023-04-17 11:51:44.381 [info] Validating found git in: "git"
2023-04-17 11:51:46.068 [info] Using git "2.40.0" from "git"
2023-04-17 11:51:49.439 [info] > git rev-parse --show-toplevel [3355ms]
2023-04-17 11:51:49.666 [info] > git rev-parse --git-dir --git-common-dir [6ms]
2023-04-17 11:51:49.684 [info] Open repository: /home/haru/esquizoDB
2023-04-17 11:51:49.759 [info] > git rev-parse --show-toplevel [63ms]
2023-04-17 11:51:49.831 [info] > git rev-parse --show-toplevel [58ms]
2023-04-17 11:51:49.908 [info] > git rev-parse --show-toplevel [58ms]
2023-04-17 11:51:49.928 [info] > git config --get commit.template [181ms]
2023-04-17 11:51:50.387 [info] > git ls-files --stage -- /home/haru/esquizoDB/requirements.txt [23ms]
2023-04-17 11:51:50.443 [info] > git for-each-ref --format=%(refname)%00%(upstream:short)%00%(objectname)%00%(upstream:track)%00%(upstream:remotename)%00%(upstream:remoteref) refs/heads/master refs/remotes/master [574ms]
2023-04-17 11:51:50.476 [info] > git check-ignore -v -z --stdin [134ms]
2023-04-17 11:51:50.655 [info] > git status -z -uall [203ms]
2023-04-17 11:51:50.700 [info] > git config --get commit.template [8ms]
2023-04-17 11:51:50.704 [info] > git show --textconv :requirements.txt [349ms]
2023-04-17 11:51:50.708 [info] > git cat-file -s 54e31f18473b53dabfd5e0cd1a404bebb511369b [312ms]
2023-04-17 11:51:50.772 [info] > git for-each-ref --format=%(refname)%00%(upstream:short)%00%(objectname)%00%(upstream:track)%00%(upstream:remotename)%00%(upstream:remoteref) refs/heads/master refs/remotes/master [15ms]
2023-04-17 11:51:50.814 [info] > git status -z -uall [8ms]
2023-04-17 11:52:06.678 [info] > git check-ignore -v -z --stdin [5ms]
2023-04-17 11:52:08.235 [info] > git show --textconv :scripts/tp1_3.3.py [440ms]
2023-04-17 11:52:08.241 [info] > git ls-files --stage -- /home/haru/esquizoDB/scripts/tp1_3.3.py [433ms]
2023-04-17 11:52:08.272 [info] > git cat-file -s 5043800c666dae8cbf6c38e8a83a16e6a4095a81 [20ms]
2023-04-17 11:52:31.482 [info] > git check-ignore -v -z --stdin [5ms]
2023-04-17 11:52:33.338 [info] > git show --textconv :documentacao/.gitkeep [24ms]
2023-04-17 11:52:33.342 [info] > git ls-files --stage -- /home/haru/esquizoDB/documentacao/.gitkeep [6ms]
2023-04-17 11:52:33.366 [info] > git cat-file -s 4446fe63c714ad5b4d8731f50190ad953728f505 [4ms]
2023-04-17 11:54:28.510 [info] > git ls-files --stage -- /home/haru/esquizoDB/scripts/tp1_3.2.py [1ms]
2023-04-17 11:54:28.526 [info] > git show --textconv :scripts/tp1_3.2.py [28ms]
2023-04-17 11:54:28.526 [info] > git cat-file -s da54e1e1348d645a7ba45c384bf6c90cc5dde499 [7ms]
2023-04-17 19:22:07.772 [info] > git config --get commit.template [13ms]
2023-04-17 19:22:07.773 [info] > git for-each-ref --format=%(refname)%00%(upstream:short)%00%(objectname)%00%(upstream:track)%00%(upstream:remotename)%00%(upstream:remoteref) refs/heads/master refs/remotes/master [2ms]
2023-04-17 19:22:07.783 [info] > git status -z -uall [2ms]
2023-04-17 19:22:07.878 [info] > git ls-files --stage -- /home/haru/esquizoDB/documentacao/.gitkeep [11ms]
2023-04-17 19:22:07.885 [info] > git ls-files --stage -- /home/haru/esquizoDB/requirements.txt [30ms]
2023-04-17 19:22:07.892 [info] > git cat-file -s 4446fe63c714ad5b4d8731f50190ad953728f505 [8ms]
2023-04-17 19:22:07.892 [info] > git ls-files --stage -- /home/haru/esquizoDB/scripts/tp1_3.2.py [15ms]
2023-04-17 19:22:07.899 [info] > git cat-file -s 54e31f18473b53dabfd5e0cd1a404bebb511369b [8ms]
2023-04-17 19:22:07.900 [info] > git cat-file -s da54e1e1348d645a7ba45c384bf6c90cc5dde499 [1ms]
2023-04-17 19:22:07.912 [info] > git show --textconv :documentacao/.gitkeep [6ms]
2023-04-17 19:22:07.913 [info] > git show --textconv :requirements.txt [2ms]
2023-04-17 19:22:07.921 [info] > git show --textconv :scripts/tp1_3.2.py [2ms]
2023-04-17 19:22:11.500 [info] > git ls-files --stage -- /home/haru/esquizoDB/documentacao/.gitkeep [10ms]
2023-04-17 19:22:11.507 [info] > git ls-files --stage -- /home/haru/esquizoDB/requirements.txt [34ms]
2023-04-17 19:22:11.514 [info] > git cat-file -s 4446fe63c714ad5b4d8731f50190ad953728f505 [6ms]
2023-04-17 19:22:11.514 [info] > git ls-files --stage -- /home/haru/esquizoDB/scripts/tp1_3.2.py [15ms]
2023-04-17 19:22:11.521 [info] > git cat-file -s 54e31f18473b53dabfd5e0cd1a404bebb511369b [7ms]
2023-04-17 19:22:11.522 [info] > git cat-file -s da54e1e1348d645a7ba45c384bf6c90cc5dde499 [2ms]
2023-04-17 19:22:11.540 [info] > git show --textconv :documentacao/.gitkeep [12ms]
2023-04-17 19:22:11.540 [info] > git show --textconv :requirements.txt [7ms]
2023-04-17 19:22:11.541 [info] > git show --textconv :scripts/tp1_3.2.py [2ms]
2023-04-17 19:22:12.834 [info] > git config --get commit.template [20ms]
2023-04-17 19:22:12.835 [info] > git for-each-ref --format=%(refname)%00%(upstream:short)%00%(objectname)%00%(upstream:track)%00%(upstream:remotename)%00%(upstream:remoteref) refs/heads/master refs/remotes/master [3ms]
2023-04-17 19:22:12.846 [info] > git status -z -uall [2ms]
2023-04-17 19:22:14.160 [info] > git show --textconv :scripts/tp1_3.3.py [17ms]
2023-04-17 19:22:14.162 [info] > git ls-files --stage -- /home/haru/esquizoDB/scripts/tp1_3.3.py [10ms]
2023-04-17 19:22:14.171 [info] > git cat-file -s aa4443d276f0b992d7c9c67c54081b69861aa3b0 [3ms]
2023-04-17 19:43:05.806 [info] > git show --textconv :scripts/.gitkeep [6ms]
2023-04-17 19:43:05.807 [info] > git ls-files --stage -- /home/haru/esquizoDB/scripts/.gitkeep [1ms]
2023-04-17 19:43:05.814 [info] > git cat-file -s 4446fe63c714ad5b4d8731f50190ad953728f505 [1ms]
2023-04-17 19:43:10.580 [info] > git show --textconv :scripts/tp1_3.3.py [13ms]
2023-04-17 19:43:10.584 [info] > git ls-files --stage -- /home/haru/esquizoDB/scripts/tp1_3.3.py [4ms]
2023-04-17 19:43:10.606 [info] > git cat-file -s aa4443d276f0b992d7c9c67c54081b69861aa3b0 [13ms]
2023-04-17 20:18:11.241 [info] > git config --get commit.template [12ms]
2023-04-17 20:18:11.243 [info] > git for-each-ref --format=%(refname)%00%(upstream:short)%00%(objectname)%00%(upstream:track)%00%(upstream:remotename)%00%(upstream:remoteref) refs/heads/master refs/remotes/master [4ms]
2023-04-17 20:18:11.255 [info] > git status -z -uall [3ms]
2023-04-17 20:18:11.343 [info] > git ls-files --stage -- /home/haru/esquizoDB/scripts/tp1_3.2.py [10ms]
2023-04-17 20:18:11.351 [info] > git ls-files --stage -- /home/haru/esquizoDB/requirements.txt [25ms]
2023-04-17 20:18:11.360 [info] > git cat-file -s da54e1e1348d645a7ba45c384bf6c90cc5dde499 [10ms]
2023-04-17 20:18:11.360 [info] > git ls-files --stage -- /home/haru/esquizoDB/scripts/tp1_3.3.py [18ms]
2023-04-17 20:18:11.369 [info] > git cat-file -s 54e31f18473b53dabfd5e0cd1a404bebb511369b [9ms]
2023-04-17 20:18:11.378 [info] > git cat-file -s aa4443d276f0b992d7c9c67c54081b69861aa3b0 [10ms]
2023-04-17 20:18:11.388 [info] > git show --textconv :scripts/tp1_3.2.py [11ms]
2023-04-17 20:18:11.397 [info] > git show --textconv :requirements.txt [10ms]
2023-04-17 20:18:11.399 [info] > git show --textconv :scripts/tp1_3.3.py [2ms]
2023-04-17 20:18:32.244 [info] > git config --get commit.template [30ms]
2023-04-17 20:18:32.246 [info] > git for-each-ref --format=%(refname)%00%(upstream:short)%00%(objectname)%00%(upstream:track)%00%(upstream:remotename)%00%(upstream:remoteref) refs/heads/master refs/remotes/master [5ms]
2023-04-17 20:18:32.280 [info] > git status -z -uall [6ms]
2023-04-17 20:18:32.357 [info] > git ls-files --stage -- /home/haru/esquizoDB/scripts/tp1_3.2.py [14ms]
2023-04-17 20:18:32.369 [info] > git ls-files --stage -- /home/haru/esquizoDB/requirements.txt [43ms]
2023-04-17 20:18:32.386 [info] > git cat-file -s da54e1e1348d645a7ba45c384bf6c90cc5dde499 [16ms]
2023-04-17 20:18:32.387 [info] > git ls-files --stage -- /home/haru/esquizoDB/scripts/tp1_3.3.py [31ms]
2023-04-17 20:18:32.401 [info] > git cat-file -s 54e31f18473b53dabfd5e0cd1a404bebb511369b [18ms]
2023-04-17 20:18:32.415 [info] > git cat-file -s aa4443d276f0b992d7c9c67c54081b69861aa3b0 [16ms]
2023-04-17 20:18:32.443 [info] > git show --textconv :scripts/tp1_3.2.py [29ms]
2023-04-17 20:18:32.443 [info] > git show --textconv :requirements.txt [15ms]
2023-04-17 20:18:32.446 [info] > git show --textconv :scripts/tp1_3.3.py [4ms]
2023-04-17 20:18:41.393 [info] > git config --get commit.template [17ms]
2023-04-17 20:18:41.393 [info] > git for-each-ref --format=%(refname)%00%(upstream:short)%00%(objectname)%00%(upstream:track)%00%(upstream:remotename)%00%(upstream:remoteref) refs/heads/master refs/remotes/master [2ms]
2023-04-17 20:18:41.411 [info] > git status -z -uall [4ms]
2023-04-17 20:18:44.078 [info] > git ls-files --stage -- /home/haru/esquizoDB/scripts/tp1_3.2.py [13ms]
2023-04-17 20:18:44.088 [info] > git ls-files --stage -- /home/haru/esquizoDB/requirements.txt [36ms]
2023-04-17 20:18:44.095 [info] > git cat-file -s da54e1e1348d645a7ba45c384bf6c90cc5dde499 [8ms]
2023-04-17 20:18:44.096 [info] > git ls-files --stage -- /home/haru/esquizoDB/scripts/tp1_3.3.py [19ms]
2023-04-17 20:18:44.103 [info] > git cat-file -s 54e31f18473b53dabfd5e0cd1a404bebb511369b [9ms]
2023-04-17 20:18:44.104 [info] > git cat-file -s a67a99e8433f8a87b4b7da4417220a2faa708ac7 [1ms]
2023-04-17 20:18:44.132 [info] > git show --textconv :scripts/tp1_3.2.py [17ms]
2023-04-17 20:18:44.132 [info] > git show --textconv :requirements.txt [8ms]
2023-04-17 20:18:44.134 [info] > git show --textconv :scripts/tp1_3.3.py [3ms]
2023-04-17 20:18:46.444 [info] > git config --get commit.template [10ms]
2023-04-17 20:18:46.445 [info] > git for-each-ref --format=%(refname)%00%(upstream:short)%00%(objectname)%00%(upstream:track)%00%(upstream:remotename)%00%(upstream:remoteref) refs/heads/master refs/remotes/master [1ms]
2023-04-17 20:18:46.454 [info] > git status -z -uall [2ms]
2023-04-17 20:18:49.272 [info] > git ls-files --stage -- /home/haru/esquizoDB/scripts/tp1_3.2.py [11ms]
2023-04-17 20:18:49.283 [info] > git ls-files --stage -- /home/haru/esquizoDB/requirements.txt [39ms]
2023-04-17 20:18:49.293 [info] > git cat-file -s da54e1e1348d645a7ba45c384bf6c90cc5dde499 [11ms]
2023-04-17 20:18:49.294 [info] > git ls-files --stage -- /home/haru/esquizoDB/scripts/tp1_3.3.py [23ms]
2023-04-17 20:18:49.304 [info] > git cat-file -s 54e31f18473b53dabfd5e0cd1a404bebb511369b [12ms]
2023-04-17 20:18:49.306 [info] > git cat-file -s a67a99e8433f8a87b4b7da4417220a2faa708ac7 [2ms]
2023-04-17 20:18:49.334 [info] > git show --textconv :scripts/tp1_3.2.py [18ms]
2023-04-17 20:18:49.334 [info] > git show --textconv :requirements.txt [9ms]
2023-04-17 20:18:49.335 [info] > git show --textconv :scripts/tp1_3.3.py [2ms]
2023-04-17 20:18:51.493 [info] > git config --get commit.template [17ms]
2023-04-17 20:18:51.495 [info] > git for-each-ref --format=%(refname)%00%(upstream:short)%00%(objectname)%00%(upstream:track)%00%(upstream:remotename)%00%(upstream:remoteref) refs/heads/master refs/remotes/master [4ms]
2023-04-17 20:18:51.511 [info] > git status -z -uall [4ms]
2023-04-17 20:18:55.498 [info] > git ls-files --stage -- /home/haru/esquizoDB/scripts/tp1_3.2.py [13ms]
2023-04-17 20:18:55.510 [info] > git ls-files --stage -- /home/haru/esquizoDB/requirements.txt [37ms]
2023-04-17 20:18:55.523 [info] > git cat-file -s da54e1e1348d645a7ba45c384bf6c90cc5dde499 [13ms]
2023-04-17 20:18:55.524 [info] > git ls-files --stage -- /home/haru/esquizoDB/scripts/tp1_3.3.py [27ms]
2023-04-17 20:18:55.535 [info] > git cat-file -s 54e31f18473b53dabfd5e0cd1a404bebb511369b [13ms]
2023-04-17 20:18:55.553 [info] > git cat-file -s a67a99e8433f8a87b4b7da4417220a2faa708ac7 [19ms]
2023-04-17 20:18:55.553 [info] > git show --textconv :scripts/tp1_3.2.py [8ms]
2023-04-17 20:18:55.554 [info] > git show --textconv :requirements.txt [1ms]
2023-04-17 20:18:55.564 [info] > git show --textconv :scripts/tp1_3.3.py [2ms]
2023-04-17 20:18:56.556 [info] > git config --get commit.template [1ms]
2023-04-17 20:18:56.566 [info] > git for-each-ref --format=%(refname)%00%(upstream:short)%00%(objectname)%00%(upstream:track)%00%(upstream:remotename)%00%(upstream:remoteref) refs/heads/master refs/remotes/master [1ms]
2023-04-17 20:18:56.575 [info] > git status -z -uall [2ms]
2023-04-17 20:30:03.086 [info] > git config --get commit.template [29ms]
2023-04-17 20:30:03.088 [info] > git for-each-ref --format=%(refname)%00%(upstream:short)%00%(objectname)%00%(upstream:track)%00%(upstream:remotename)%00%(upstream:remoteref) refs/heads/master refs/remotes/master [4ms]
2023-04-17 20:30:03.121 [info] > git status -z -uall [8ms]
2023-04-17 20:42:04.419 [info] > git config --get commit.template [13ms]
2023-04-17 20:42:04.466 [info] > git for-each-ref --format=%(refname)%00%(upstream:short)%00%(objectname)%00%(upstream:track)%00%(upstream:remotename)%00%(upstream:remoteref) refs/heads/master refs/remotes/master [47ms]
2023-04-17 20:42:04.521 [info] > git ls-files --stage -- /home/haru/esquizoDB/scripts/tp1_3.2.py [8ms]
2023-04-17 20:42:04.528 [info] > git ls-files --stage -- /home/haru/esquizoDB/requirements.txt [24ms]
2023-04-17 20:42:04.535 [info] > git cat-file -s da54e1e1348d645a7ba45c384bf6c90cc5dde499 [8ms]
2023-04-17 20:42:04.535 [info] > git ls-files --stage -- /home/haru/esquizoDB/scripts/tp1_3.3.py [15ms]
2023-04-17 20:42:04.543 [info] > git status -z -uall [60ms]
2023-04-17 20:42:04.545 [info] > git cat-file -s 54e31f18473b53dabfd5e0cd1a404bebb511369b [11ms]
2023-04-17 20:42:04.553 [info] > git cat-file -s a67a99e8433f8a87b4b7da4417220a2faa708ac7 [10ms]
2023-04-17 20:42:04.568 [info] > git show --textconv :scripts/tp1_3.2.py [16ms]
2023-04-17 20:42:04.568 [info] > git show --textconv :requirements.txt [8ms]
2023-04-17 20:42:04.569 [info] > git show --textconv :scripts/tp1_3.3.py [1ms]
2023-04-17 20:42:07.602 [info] > git ls-files --stage -- /home/haru/esquizoDB/scripts/tp1_3.2.py [8ms]
2023-04-17 20:42:07.610 [info] > git ls-files --stage -- /home/haru/esquizoDB/requirements.txt [24ms]
2023-04-17 20:42:07.618 [info] > git cat-file -s da54e1e1348d645a7ba45c384bf6c90cc5dde499 [9ms]
2023-04-17 20:42:07.619 [info] > git ls-files --stage -- /home/haru/esquizoDB/scripts/tp1_3.3.py [18ms]
2023-04-17 20:42:07.627 [info] > git cat-file -s 54e31f18473b53dabfd5e0cd1a404bebb511369b [8ms]
2023-04-17 20:42:07.627 [info] > git cat-file -s b20c2513fb304bf32289b2e4ce92b0e1bb0acb7f [1ms]
2023-04-17 20:42:07.642 [info] > git show --textconv :scripts/tp1_3.2.py [7ms]
2023-04-17 20:42:07.643 [info] > git show --textconv :requirements.txt [1ms]
2023-04-17 20:42:07.652 [info] > git show --textconv :scripts/tp1_3.3.py [1ms]
2023-04-17 20:42:09.561 [info] > git config --get commit.template [8ms]
2023-04-17 20:42:09.561 [info] > git for-each-ref --format=%(refname)%00%(upstream:short)%00%(objectname)%00%(upstream:track)%00%(upstream:remotename)%00%(upstream:remoteref) refs/heads/master refs/remotes/master [1ms]
2023-04-17 20:42:09.570 [info] > git status -z -uall [2ms]
2023-04-17 20:58:49.098 [info] > git config --get commit.template [15ms]
2023-04-17 20:58:49.099 [info] > git for-each-ref --format=%(refname)%00%(upstream:short)%00%(objectname)%00%(upstream:track)%00%(upstream:remotename)%00%(upstream:remoteref) refs/heads/master refs/remotes/master [2ms]
2023-04-17 20:58:49.118 [info] > git status -z -uall [2ms]
2023-04-17 20:58:53.641 [info] > git ls-files --stage -- /home/haru/esquizoDB/scripts/tp1_3.2.py [9ms]
2023-04-17 20:58:53.650 [info] > git ls-files --stage -- /home/haru/esquizoDB/requirements.txt [25ms]
2023-04-17 20:58:53.659 [info] > git cat-file -s da54e1e1348d645a7ba45c384bf6c90cc5dde499 [11ms]
2023-04-17 20:58:53.660 [info] > git ls-files --stage -- /home/haru/esquizoDB/scripts/tp1_3.3.py [20ms]
2023-04-17 20:58:53.668 [info] > git cat-file -s 54e31f18473b53dabfd5e0cd1a404bebb511369b [10ms]
2023-04-17 20:58:53.678 [info] > git cat-file -s c8076f6aa350c0a8bcc7b52be5f874270c116d3c [11ms]
2023-04-17 20:58:53.679 [info] > git show --textconv :scripts/tp1_3.2.py [2ms]
2023-04-17 20:58:53.696 [info] > git show --textconv :requirements.txt [9ms]
2023-04-17 20:58:53.697 [info] > git show --textconv :scripts/tp1_3.3.py [1ms]
2023-04-17 20:58:54.176 [info] > git config --get commit.template [26ms]
2023-04-17 20:58:54.183 [info] > git for-each-ref --format=%(refname)%00%(upstream:short)%00%(objectname)%00%(upstream:track)%00%(upstream:remotename)%00%(upstream:remoteref) refs/heads/master refs/remotes/master [7ms]
2023-04-17 20:58:54.216 [info] > git status -z -uall [12ms]
2023-04-17 20:58:59.962 [info] > git config --get commit.template [8ms]
2023-04-17 20:58:59.964 [info] > git for-each-ref --format=%(refname)%00%(upstream:short)%00%(objectname)%00%(upstream:track)%00%(upstream:remotename)%00%(upstream:remoteref) refs/heads/master refs/remotes/master [2ms]
2023-04-17 20:58:59.973 [info] > git status -z -uall [2ms]
2023-04-17 20:59:00.096 [info] > git ls-files --stage -- /home/haru/esquizoDB/scripts/tp1_3.2.py [13ms]
2023-04-17 20:59:00.106 [info] > git ls-files --stage -- /home/haru/esquizoDB/requirements.txt [38ms]
2023-04-17 20:59:00.115 [info] > git cat-file -s da54e1e1348d645a7ba45c384bf6c90cc5dde499 [9ms]
2023-04-17 20:59:00.115 [info] > git ls-files --stage -- /home/haru/esquizoDB/scripts/tp1_3.3.py [22ms]
2023-04-17 20:59:00.124 [info] > git cat-file -s 54e31f18473b53dabfd5e0cd1a404bebb511369b [11ms]
2023-04-17 20:59:00.125 [info] > git cat-file -s c8076f6aa350c0a8bcc7b52be5f874270c116d3c [2ms]
2023-04-17 20:59:00.158 [info] > git show --textconv :scripts/tp1_3.2.py [24ms]
2023-04-17 20:59:00.158 [info] > git show --textconv :requirements.txt [15ms]
2023-04-17 20:59:00.160 [info] > git show --textconv :scripts/tp1_3.3.py [2ms]
2023-04-17 20:59:05.198 [info] > git config --get commit.template [10ms]
2023-04-17 20:59:05.198 [info] > git for-each-ref --format=%(refname)%00%(upstream:short)%00%(objectname)%00%(upstream:track)%00%(upstream:remotename)%00%(upstream:remoteref) refs/heads/master refs/remotes/master [1ms]
2023-04-17 20:59:05.209 [info] > git status -z -uall [2ms]
2023-04-17 20:59:05.307 [info] > git ls-files --stage -- /home/haru/esquizoDB/scripts/tp1_3.2.py [10ms]
2023-04-17 20:59:05.314 [info] > git ls-files --stage -- /home/haru/esquizoDB/requirements.txt [25ms]
2023-04-17 20:59:05.323 [info] > git cat-file -s da54e1e1348d645a7ba45c384bf6c90cc5dde499 [9ms]
2023-04-17 20:59:05.324 [info] > git ls-files --stage -- /home/haru/esquizoDB/scripts/tp1_3.3.py [19ms]
2023-04-17 20:59:05.332 [info] > git cat-file -s 54e31f18473b53dabfd5e0cd1a404bebb511369b [10ms]
2023-04-17 20:59:05.341 [info] > git cat-file -s c8076f6aa350c0a8bcc7b52be5f874270c116d3c [10ms]
2023-04-17 20:59:05.359 [info] > git show --textconv :scripts/tp1_3.2.py [19ms]
2023-04-17 20:59:05.359 [info] > git show --textconv :requirements.txt [9ms]
2023-04-17 20:59:05.360 [info] > git show --textconv :scripts/tp1_3.3.py [2ms]
2023-04-17 21:04:56.653 [info] > git config --get commit.template [18ms]
2023-04-17 21:04:56.655 [info] > git for-each-ref --format=%(refname)%00%(upstream:short)%00%(objectname)%00%(upstream:track)%00%(upstream:remotename)%00%(upstream:remoteref) refs/heads/master refs/remotes/master [3ms]
2023-04-17 21:04:56.674 [info] > git status -z -uall [2ms]
2023-04-17 21:04:56.746 [info] > git ls-files --stage -- /home/haru/esquizoDB/scripts/tp1_3.2.py [8ms]
2023-04-17 21:04:56.754 [info] > git ls-files --stage -- /home/haru/esquizoDB/requirements.txt [26ms]
2023-04-17 21:04:56.762 [info] > git cat-file -s da54e1e1348d645a7ba45c384bf6c90cc5dde499 [8ms]
2023-04-17 21:04:56.762 [info] > git ls-files --stage -- /home/haru/esquizoDB/scripts/tp1_3.3.py [17ms]
2023-04-17 21:04:56.770 [info] > git cat-file -s 54e31f18473b53dabfd5e0cd1a404bebb511369b [9ms]
2023-04-17 21:04:56.771 [info] > git cat-file -s c8076f6aa350c0a8bcc7b52be5f874270c116d3c [1ms]
2023-04-17 21:04:56.794 [info] > git show --textconv :scripts/tp1_3.2.py [15ms]
2023-04-17 21:04:56.805 [info] > git show --textconv :requirements.txt [11ms]
2023-04-17 21:04:56.805 [info] > git show --textconv :scripts/tp1_3.3.py [2ms]
2023-04-17 21:04:59.691 [info] > git ls-files --stage -- /home/haru/esquizoDB/scripts/tp1_3.2.py [28ms]
2023-04-17 21:04:59.717 [info] > git ls-files --stage -- /home/haru/esquizoDB/requirements.txt [79ms]
2023-04-17 21:04:59.745 [info] > git cat-file -s da54e1e1348d645a7ba45c384bf6c90cc5dde499 [29ms]
2023-04-17 21:04:59.746 [info] > git ls-files --stage -- /home/haru/esquizoDB/scripts/tp1_3.3.py [58ms]
2023-04-17 21:04:59.763 [info] > git cat-file -s 54e31f18473b53dabfd5e0cd1a404bebb511369b [19ms]
2023-04-17 21:04:59.764 [info] > git cat-file -s 0e52201ac6284bebb32350d121ab1b352b3224f9 [3ms]
2023-04-17 21:04:59.834 [info] > git show --textconv :scripts/tp1_3.2.py [44ms]
2023-04-17 21:04:59.834 [info] > git show --textconv :requirements.txt [16ms]
2023-04-17 21:04:59.835 [info] > git show --textconv :scripts/tp1_3.3.py [2ms]
2023-04-17 21:05:01.694 [info] > git config --get commit.template [9ms]
2023-04-17 21:05:01.696 [info] > git for-each-ref --format=%(refname)%00%(upstream:short)%00%(objectname)%00%(upstream:track)%00%(upstream:remotename)%00%(upstream:remoteref) refs/heads/master refs/remotes/master [1ms]
2023-04-17 21:05:01.706 [info] > git status -z -uall [2ms]
2023-04-17 21:05:07.258 [info] > git config --get commit.template [14ms]
2023-04-17 21:05:07.259 [info] > git for-each-ref --format=%(refname)%00%(upstream:short)%00%(objectname)%00%(upstream:track)%00%(upstream:remotename)%00%(upstream:remoteref) refs/heads/master refs/remotes/master [2ms]
2023-04-17 21:05:07.274 [info] > git status -z -uall [3ms]
2023-04-17 21:16:04.723 [info] > git config --get commit.template [11ms]
2023-04-17 21:16:04.727 [info] > git for-each-ref --format=%(refname)%00%(upstream:short)%00%(objectname)%00%(upstream:track)%00%(upstream:remotename)%00%(upstream:remoteref) refs/heads/master refs/remotes/master [5ms]
2023-04-17 21:16:04.742 [info] > git status -z -uall [3ms]
2023-04-17 21:16:04.846 [info] > git ls-files --stage -- /home/haru/esquizoDB/scripts/tp1_3.2.py [15ms]
2023-04-17 21:16:04.860 [info] > git ls-files --stage -- /home/haru/esquizoDB/requirements.txt [41ms]
2023-04-17 21:16:04.873 [info] > git cat-file -s da54e1e1348d645a7ba45c384bf6c90cc5dde499 [14ms]
2023-04-17 21:16:04.874 [info] > git ls-files --stage -- /home/haru/esquizoDB/scripts/tp1_3.3.py [30ms]
2023-04-17 21:16:04.883 [info] > git cat-file -s 54e31f18473b53dabfd5e0cd1a404bebb511369b [10ms]
2023-04-17 21:16:04.883 [info] > git cat-file -s 0e52201ac6284bebb32350d121ab1b352b3224f9 [1ms]
2023-04-17 21:16:04.908 [info] > git show --textconv :scripts/tp1_3.2.py [17ms]
2023-04-17 21:16:04.909 [info] > git show --textconv :requirements.txt [8ms]
2023-04-17 21:16:04.909 [info] > git show --textconv :scripts/tp1_3.3.py [1ms]
2023-04-17 21:16:07.866 [info] > git ls-files --stage -- /home/haru/esquizoDB/scripts/tp1_3.2.py [13ms]
2023-04-17 21:16:07.876 [info] > git ls-files --stage -- /home/haru/esquizoDB/requirements.txt [35ms]
2023-04-17 21:16:07.886 [info] > git cat-file -s da54e1e1348d645a7ba45c384bf6c90cc5dde499 [9ms]
2023-04-17 21:16:07.886 [info] > git ls-files --stage -- /home/haru/esquizoDB/scripts/tp1_3.3.py [21ms]
2023-04-17 21:16:07.894 [info] > git cat-file -s 54e31f18473b53dabfd5e0cd1a404bebb511369b [9ms]
2023-04-17 21:16:07.903 [info] > git cat-file -s 144e8fea1c3bd3ff35c2edb8fcc2c57d0aa1aaa8 [10ms]
2023-04-17 21:16:07.904 [info] > git show --textconv :scripts/tp1_3.2.py [2ms]
2023-04-17 21:16:07.921 [info] > git show --textconv :requirements.txt [9ms]
2023-04-17 21:16:07.922 [info] > git show --textconv :scripts/tp1_3.3.py [2ms]
2023-04-17 21:16:09.782 [info] > git config --get commit.template [4ms]
2023-04-17 21:16:09.794 [info] > git for-each-ref --format=%(refname)%00%(upstream:short)%00%(objectname)%00%(upstream:track)%00%(upstream:remotename)%00%(upstream:remoteref) refs/heads/master refs/remotes/master [2ms]
2023-04-17 21:16:09.804 [info] > git status -z -uall [2ms]
2023-04-17 21:32:29.925 [info] > git config --get commit.template [10ms]
2023-04-17 21:32:29.945 [info] > git for-each-ref --format=%(refname)%00%(upstream:short)%00%(objectname)%00%(upstream:track)%00%(upstream:remotename)%00%(upstream:remoteref) refs/heads/master refs/remotes/master [21ms]
2023-04-17 21:32:29.955 [info] > git status -z -uall [2ms]
2023-04-17 21:32:39.475 [info] > git config --get commit.template [34ms]
2023-04-17 21:32:39.477 [info] > git for-each-ref --format=%(refname)%00%(upstream:short)%00%(objectname)%00%(upstream:track)%00%(upstream:remotename)%00%(upstream:remoteref) refs/heads/master refs/remotes/master [7ms]
2023-04-17 21:32:39.510 [info] > git status -z -uall [7ms]
2023-04-17 21:32:42.058 [info] > git ls-files --stage -- /home/haru/esquizoDB/scripts/tp1_3.2.py [8ms]
2023-04-17 21:32:42.068 [info] > git ls-files --stage -- /home/haru/esquizoDB/requirements.txt [24ms]
2023-04-17 21:32:42.076 [info] > git cat-file -s da54e1e1348d645a7ba45c384bf6c90cc5dde499 [8ms]
2023-04-17 21:32:42.077 [info] > git ls-files --stage -- /home/haru/esquizoDB/scripts/tp1_3.3.py [20ms]
2023-04-17 21:32:42.086 [info] > git cat-file -s 54e31f18473b53dabfd5e0cd1a404bebb511369b [10ms]
2023-04-17 21:32:42.086 [info] > git cat-file -s fad4ba7d24104deb2199bce1ec89adb7f1f6322b [1ms]
2023-04-17 21:32:42.095 [info] > git show --textconv :scripts/tp1_3.2.py [2ms]
2023-04-17 21:32:42.112 [info] > git show --textconv :requirements.txt [10ms]
2023-04-17 21:32:42.113 [info] > git show --textconv :scripts/tp1_3.3.py [2ms]
2023-04-17 21:32:44.542 [info] > git config --get commit.template [13ms]
2023-04-17 21:32:44.543 [info] > git for-each-ref --format=%(refname)%00%(upstream:short)%00%(objectname)%00%(upstream:track)%00%(upstream:remotename)%00%(upstream:remoteref) refs/heads/master refs/remotes/master [2ms]
2023-04-17 21:32:44.558 [info] > git status -z -uall [3ms]
2023-04-17 21:32:47.259 [info] > git ls-files --stage -- /home/haru/esquizoDB/scripts/tp1_3.2.py [9ms]
2023-04-17 21:32:47.266 [info] > git ls-files --stage -- /home/haru/esquizoDB/requirements.txt [25ms]
2023-04-17 21:32:47.276 [info] > git cat-file -s da54e1e1348d645a7ba45c384bf6c90cc5dde499 [10ms]
2023-04-17 21:32:47.276 [info] > git ls-files --stage -- /home/haru/esquizoDB/scripts/tp1_3.3.py [18ms]
2023-04-17 21:32:47.284 [info] > git cat-file -s 54e31f18473b53dabfd5e0cd1a404bebb511369b [9ms]
2023-04-17 21:32:47.285 [info] > git cat-file -s fad4ba7d24104deb2199bce1ec89adb7f1f6322b [1ms]
2023-04-17 21:32:47.301 [info] > git show --textconv :scripts/tp1_3.2.py [8ms]
2023-04-17 21:32:47.302 [info] > git show --textconv :requirements.txt [1ms]
2023-04-17 21:32:47.312 [info] > git show --textconv :scripts/tp1_3.3.py [2ms]
2023-04-17 21:32:49.591 [info] > git config --get commit.template [11ms]
2023-04-17 21:32:49.592 [info] > git for-each-ref --format=%(refname)%00%(upstream:short)%00%(objectname)%00%(upstream:track)%00%(upstream:remotename)%00%(upstream:remoteref) refs/heads/master refs/remotes/master [2ms]
2023-04-17 21:32:49.601 [info] > git status -z -uall [2ms]
2023-04-17 21:34:22.236 [info] > git config --get commit.template [10ms]
2023-04-17 21:34:22.237 [info] > git for-each-ref --format=%(refname)%00%(upstream:short)%00%(objectname)%00%(upstream:track)%00%(upstream:remotename)%00%(upstream:remoteref) refs/heads/master refs/remotes/master [1ms]
2023-04-17 21:34:22.249 [info] > git status -z -uall [2ms]
2023-04-17 21:34:22.313 [info] > git ls-files --stage -- /home/haru/esquizoDB/scripts/tp1_3.2.py [9ms]
2023-04-17 21:34:22.321 [info] > git ls-files --stage -- /home/haru/esquizoDB/requirements.txt [26ms]
2023-04-17 21:34:22.332 [info] > git cat-file -s da54e1e1348d645a7ba45c384bf6c90cc5dde499 [10ms]
2023-04-17 21:34:22.332 [info] > git ls-files --stage -- /home/haru/esquizoDB/scripts/tp1_3.3.py [20ms]
2023-04-17 21:34:22.342 [info] > git cat-file -s 54e31f18473b53dabfd5e0cd1a404bebb511369b [13ms]
2023-04-17 21:34:22.342 [info] > git cat-file -s fad4ba7d24104deb2199bce1ec89adb7f1f6322b [1ms]
2023-04-17 21:34:22.371 [info] > git show --textconv :scripts/tp1_3.2.py [20ms]
2023-04-17 21:34:22.372 [info] > git show --textconv :requirements.txt [10ms]
2023-04-17 21:34:22.373 [info] > git show --textconv :scripts/tp1_3.3.py [2ms]
2023-04-17 21:37:11.040 [info] > git config --get commit.template [14ms]
2023-04-17 21:37:11.041 [info] > git for-each-ref --format=%(refname)%00%(upstream:short)%00%(objectname)%00%(upstream:track)%00%(upstream:remotename)%00%(upstream:remoteref) refs/heads/master refs/remotes/master [3ms]
2023-04-17 21:37:11.054 [info] > git status -z -uall [2ms]
2023-04-17 21:46:56.177 [info] > git config --get commit.template [11ms]
2023-04-17 21:46:56.178 [info] > git for-each-ref --format=%(refname)%00%(upstream:short)%00%(objectname)%00%(upstream:track)%00%(upstream:remotename)%00%(upstream:remoteref) refs/heads/master refs/remotes/master [2ms]
2023-04-17 21:46:56.194 [info] > git status -z -uall [2ms]
2023-04-17 21:46:56.318 [info] > git ls-files --stage -- /home/haru/esquizoDB/scripts/tp1_3.3.py [2ms]
2023-04-17 21:46:56.328 [info] > git ls-files --stage -- /home/haru/esquizoDB/scripts/tp1_3.2.py [23ms]
2023-04-17 21:46:56.339 [info] > git ls-files --stage -- /home/haru/esquizoDB/requirements.txt [59ms]
2023-04-17 21:46:56.356 [info] > git cat-file -s da54e1e1348d645a7ba45c384bf6c90cc5dde499 [18ms]
2023-04-17 21:46:56.356 [info] > git cat-file -s fad4ba7d24104deb2199bce1ec89adb7f1f6322b [28ms]
2023-04-17 21:46:56.357 [info] > git cat-file -s 54e31f18473b53dabfd5e0cd1a404bebb511369b [6ms]
2023-04-17 21:46:56.389 [info] > git show --textconv :scripts/tp1_3.2.py [19ms]
2023-04-17 21:46:56.389 [info] > git show --textconv :scripts/tp1_3.3.py [9ms]
2023-04-17 21:46:56.390 [info] > git show --textconv :requirements.txt [2ms]
2023-04-17 21:46:59.236 [info] > git ls-files --stage -- /home/haru/esquizoDB/scripts/tp1_3.2.py [20ms]
2023-04-17 21:46:59.244 [info] > git ls-files --stage -- /home/haru/esquizoDB/requirements.txt [36ms]
2023-04-17 21:46:59.253 [info] > git cat-file -s da54e1e1348d645a7ba45c384bf6c90cc5dde499 [9ms]
2023-04-17 21:46:59.253 [info] > git ls-files --stage -- /home/haru/esquizoDB/scripts/tp1_3.3.py [28ms]
2023-04-17 21:46:59.262 [info] > git cat-file -s 54e31f18473b53dabfd5e0cd1a404bebb511369b [10ms]
2023-04-17 21:46:59.263 [info] > git cat-file -s fad4ba7d24104deb2199bce1ec89adb7f1f6322b [1ms]
2023-04-17 21:46:59.281 [info] > git show --textconv :scripts/tp1_3.2.py [9ms]
2023-04-17 21:46:59.282 [info] > git show --textconv :requirements.txt [1ms]
2023-04-17 21:46:59.294 [info] > git show --textconv :scripts/tp1_3.3.py [3ms]
2023-04-17 21:47:01.217 [info] > git config --get commit.template [9ms]
2023-04-17 21:47:01.218 [info] > git for-each-ref --format=%(refname)%00%(upstream:short)%00%(objectname)%00%(upstream:track)%00%(upstream:remotename)%00%(upstream:remoteref) refs/heads/master refs/remotes/master [1ms]
2023-04-17 21:47:01.228 [info] > git status -z -uall [2ms]
2023-04-17 21:47:18.331 [info] > git checkout -q -- /home/haru/esquizoDB/scripts/tp1_3.3.py [4ms]
2023-04-17 21:47:18.351 [info] > git config --get commit.template [11ms]
2023-04-17 21:47:18.352 [info] > git for-each-ref --format=%(refname)%00%(upstream:short)%00%(objectname)%00%(upstream:track)%00%(upstream:remotename)%00%(upstream:remoteref) refs/heads/master refs/remotes/master [2ms]
2023-04-17 21:47:18.364 [info] > git status -z -uall [3ms]
2023-04-17 21:47:19.469 [info] > git config --get commit.template [28ms]
2023-04-17 21:47:19.472 [info] > git for-each-ref --format=%(refname)%00%(upstream:short)%00%(objectname)%00%(upstream:track)%00%(upstream:remotename)%00%(upstream:remoteref) refs/heads/master refs/remotes/master [6ms]
2023-04-17 21:47:19.504 [info] > git status -z -uall [6ms]
2023-04-17 21:47:19.601 [info] > git ls-files --stage -- /home/haru/esquizoDB/scripts/tp1_3.2.py [29ms]
2023-04-17 21:47:19.633 [info] > git ls-files --stage -- /home/haru/esquizoDB/requirements.txt [88ms]
2023-04-17 21:47:19.650 [info] > git cat-file -s da54e1e1348d645a7ba45c384bf6c90cc5dde499 [19ms]
2023-04-17 21:47:19.651 [info] > git ls-files --stage -- /home/haru/esquizoDB/scripts/tp1_3.3.py [53ms]
2023-04-17 21:47:19.664 [info] > git cat-file -s 54e31f18473b53dabfd5e0cd1a404bebb511369b [15ms]
2023-04-17 21:47:19.666 [info] > git cat-file -s fad4ba7d24104deb2199bce1ec89adb7f1f6322b [3ms]
2023-04-17 21:47:19.693 [info] > git show --textconv :scripts/tp1_3.2.py [14ms]
2023-04-17 21:47:19.709 [info] > git show --textconv :requirements.txt [17ms]
2023-04-17 21:47:19.711 [info] > git show --textconv :scripts/tp1_3.3.py [3ms]
2023-04-17 21:47:22.014 [info] > git ls-files --stage -- /home/haru/esquizoDB/scripts/tp1_3.2.py [14ms]
2023-04-17 21:47:22.029 [info] > git ls-files --stage -- /home/haru/esquizoDB/requirements.txt [42ms]
2023-04-17 21:47:22.044 [info] > git cat-file -s da54e1e1348d645a7ba45c384bf6c90cc5dde499 [16ms]
2023-04-17 21:47:22.045 [info] > git ls-files --stage -- /home/haru/esquizoDB/scripts/tp1_3.3.py [33ms]
2023-04-17 21:47:22.059 [info] > git cat-file -s 54e31f18473b53dabfd5e0cd1a404bebb511369b [17ms]
2023-04-17 21:47:22.075 [info] > git cat-file -s fad4ba7d24104deb2199bce1ec89adb7f1f6322b [16ms]
2023-04-17 21:47:22.090 [info] > git show --textconv :scripts/tp1_3.2.py [17ms]
2023-04-17 21:47:22.105 [info] > git show --textconv :requirements.txt [16ms]
2023-04-17 21:47:22.108 [info] > git show --textconv :scripts/tp1_3.3.py [4ms]
2023-04-17 21:47:24.529 [info] > git config --get commit.template [9ms]
2023-04-17 21:47:24.530 [info] > git for-each-ref --format=%(refname)%00%(upstream:short)%00%(objectname)%00%(upstream:track)%00%(upstream:remotename)%00%(upstream:remoteref) refs/heads/master refs/remotes/master [2ms]
2023-04-17 21:47:24.542 [info] > git status -z -uall [2ms]
2023-04-17 21:47:24.737 [info] > git ls-files --stage -- /home/haru/esquizoDB/scripts/tp1_3.2.py [11ms]
2023-04-17 21:47:24.745 [info] > git ls-files --stage -- /home/haru/esquizoDB/requirements.txt [32ms]
2023-04-17 21:47:24.755 [info] > git cat-file -s da54e1e1348d645a7ba45c384bf6c90cc5dde499 [10ms]
2023-04-17 21:47:24.756 [info] > git ls-files --stage -- /home/haru/esquizoDB/scripts/tp1_3.3.py [20ms]
2023-04-17 21:47:24.764 [info] > git cat-file -s 54e31f18473b53dabfd5e0cd1a404bebb511369b [10ms]
2023-04-17 21:47:24.765 [info] > git cat-file -s fc34d9c93ffef51c00a6c06daacbb2a5837649f6 [2ms]
2023-04-17 21:47:24.784 [info] > git show --textconv :scripts/tp1_3.2.py [9ms]
2023-04-17 21:47:24.786 [info] > git show --textconv :requirements.txt [2ms]
2023-04-17 21:47:24.835 [info] > git show --textconv :scripts/tp1_3.3.py [3ms]
2023-04-17 21:47:29.588 [info] > git config --get commit.template [15ms]
2023-04-17 21:47:29.589 [info] > git for-each-ref --format=%(refname)%00%(upstream:short)%00%(objectname)%00%(upstream:track)%00%(upstream:remotename)%00%(upstream:remoteref) refs/heads/master refs/remotes/master [2ms]
2023-04-17 21:47:29.600 [info] > git status -z -uall [3ms]
