2023-04-17 11:07:51.996 [info] Added views:workbench.panel.markers.view in workbench.panel.markers
2023-04-17 11:07:51.996 [info] Added views:workbench.panel.output in workbench.panel.output
2023-04-17 11:07:51.996 [info] Added views:terminal in terminal
2023-04-17 11:07:51.996 [info] Added views:outline in workbench.view.explorer
2023-04-17 11:07:51.996 [info] Added views:workbench.scm in workbench.view.scm
2023-04-17 11:07:51.996 [info] Added views:workbench.view.search in workbench.view.search
2023-04-17 11:07:51.996 [info] Added views:timeline in workbench.view.explorer
2023-04-17 11:07:51.996 [info] Added views:workbench.explorer.emptyView in workbench.view.explorer
2023-04-17 11:07:52.633 [info] Added views:gitlens.views.home,gitlens.views.contributors in workbench.view.extension.gitlens
2023-04-17 11:07:52.635 [info] Added views:gitlens.views.commits,gitlens.views.fileHistory,gitlens.views.branches,gitlens.views.remotes,gitlens.views.stashes,gitlens.views.tags,gitlens.views.searchAndCompare in workbench.view.scm
2023-04-17 11:07:52.636 [info] Added views:gitlens.views.commitDetails in workbench.views.service.auxiliarybar.12f1c08a-8a1f-4c53-a0c3-38212a48e7eb
2023-04-17 11:07:56.124 [info] Added views:workbench.debug.variablesView,workbench.debug.watchExpressionsView,workbench.debug.callStackView,workbench.debug.breakPointsView in workbench.view.debug
2023-04-17 11:07:56.154 [info] Added views:workbench.panel.repl.view in workbench.panel.repl
2023-04-17 11:07:56.155 [info] Removed views:workbench.debug.breakPointsView,workbench.debug.callStackView,workbench.debug.watchExpressionsView,workbench.debug.variablesView from workbench.view.debug
2023-04-17 11:07:56.155 [info] Added views:workbench.debug.welcome in workbench.view.debug
2023-04-17 11:07:58.793 [info] Removed views:gitlens.views.commitDetails from workbench.views.service.auxiliarybar.12f1c08a-8a1f-4c53-a0c3-38212a48e7eb
2023-04-17 11:07:58.813 [info] Removed views:gitlens.views.contributors from workbench.view.extension.gitlens
2023-04-17 11:07:58.814 [info] Removed views:gitlens.views.searchAndCompare,gitlens.views.tags,gitlens.views.stashes,gitlens.views.remotes,gitlens.views.branches,gitlens.views.fileHistory,gitlens.views.commits from workbench.view.scm
2023-04-17 11:08:13.512 [info] Added views:workbench.panel.markers.view in workbench.panel.markers
2023-04-17 11:08:13.512 [info] Added views:workbench.panel.output in workbench.panel.output
2023-04-17 11:08:13.512 [info] Added views:terminal in terminal
2023-04-17 11:08:13.512 [info] Added views:outline in workbench.view.explorer
2023-04-17 11:08:13.512 [info] Added views:workbench.scm in workbench.view.scm
2023-04-17 11:08:13.512 [info] Added views:workbench.view.search in workbench.view.search
2023-04-17 11:08:13.512 [info] Added views:timeline in workbench.view.explorer
2023-04-17 11:08:13.512 [info] Added views:workbench.explorer.fileView in workbench.view.explorer
2023-04-17 11:08:13.900 [info] Added views:workbench.debug.welcome in workbench.view.debug
2023-04-17 11:08:14.166 [info] Added views:gitlens.views.home,gitlens.views.contributors in workbench.view.extension.gitlens
2023-04-17 11:08:14.167 [info] Added views:gitlens.views.commits,gitlens.views.fileHistory,gitlens.views.branches,gitlens.views.remotes,gitlens.views.stashes,gitlens.views.tags,gitlens.views.searchAndCompare in workbench.view.scm
2023-04-17 11:08:14.168 [info] Added views:gitlens.views.commitDetails in workbench.views.service.auxiliarybar.12f1c08a-8a1f-4c53-a0c3-38212a48e7eb
2023-04-17 11:08:15.045 [info] Added views:workbench.panel.repl.view in workbench.panel.repl
2023-04-17 11:08:18.922 [info] Added views:workbench.view.testing in workbench.view.extension.test
2023-04-17 11:08:21.691 [info] Added views:gitlens.views.timeline in workbench.view.extension.gitlensPanel
2023-04-17 11:08:21.695 [info] Added views:gitlens.views.worktrees in workbench.view.scm
2023-04-17 11:45:20.137 [info] Removed views:workbench.view.testing from workbench.view.extension.test
