2023-04-17 11:07:58.589 [info] Log level: Info
2023-04-17 11:07:58.589 [info] Validating found git in: "git"
2023-04-17 11:07:58.589 [info] Using git "2.40.0" from "git"
2023-04-17 11:08:20.653 [info] Log level: Info
2023-04-17 11:08:20.672 [info] Validating found git in: "git"
2023-04-17 11:08:20.672 [info] Using git "2.40.0" from "git"
2023-04-17 11:08:20.672 [info] > git rev-parse --show-toplevel [14ms]
2023-04-17 11:08:20.672 [info] > git rev-parse --git-dir --git-common-dir [3ms]
2023-04-17 11:08:20.672 [info] Open repository: /home/haru/BD/tp1_joaopedroamoedo_isabelleserique
2023-04-17 11:08:20.672 [info] > git rev-parse --show-toplevel [20ms]
2023-04-17 11:08:20.672 [info] > git config --get commit.template [1233ms]
2023-04-17 11:08:20.672 [info] > git rev-parse --show-toplevel [1265ms]
2023-04-17 11:08:20.672 [info] > git for-each-ref --format=%(refname)%00%(upstream:short)%00%(objectname)%00%(upstream:track)%00%(upstream:remotename)%00%(upstream:remoteref) refs/heads/main refs/remotes/main [214ms]
2023-04-17 11:08:20.672 [info] > git rev-parse --show-toplevel [249ms]
2023-04-17 11:08:20.731 [info] > git rev-parse --show-toplevel [78ms]
2023-04-17 11:08:20.764 [info] > git show --textconv :scripts/tp1_3.2.py [17ms]
2023-04-17 11:08:20.766 [info] > git ls-files --stage -- /home/haru/BD/tp1_joaopedroamoedo_isabelleserique/scripts/tp1_3.2.py [5ms]
2023-04-17 11:08:20.892 [info] > git status -z -uall [259ms]
2023-04-17 11:08:20.893 [info] > git check-ignore -v -z --stdin [9ms]
2023-04-17 11:08:20.921 [info] > git cat-file -s a83711340d27a73f5a887c610a5be37483a8dd48 [140ms]
2023-04-17 11:08:21.084 [info] > git config --get commit.template [16ms]
2023-04-17 11:08:21.442 [info] > git for-each-ref --format=%(refname)%00%(upstream:short)%00%(objectname)%00%(upstream:track)%00%(upstream:remotename)%00%(upstream:remoteref) refs/heads/main refs/remotes/main [296ms]
2023-04-17 11:08:21.561 [info] > git status -z -uall [86ms]
2023-04-17 11:08:23.238 [info] > git show --textconv :tp1-3.1.pdf [53ms]
2023-04-17 11:08:23.241 [info] > git ls-files --stage -- /home/haru/BD/tp1_joaopedroamoedo_isabelleserique/tp1-3.1.pdf [34ms]
2023-04-17 11:08:23.261 [info] > git cat-file -s 5b22060834776af8fe15198a0c05bb1ce15013f2 [3ms]
2023-04-17 11:11:01.050 [info] > git config --get commit.template [15ms]
2023-04-17 11:11:01.051 [info] > git for-each-ref --format=%(refname)%00%(upstream:short)%00%(objectname)%00%(upstream:track)%00%(upstream:remotename)%00%(upstream:remoteref) refs/heads/main refs/remotes/main [3ms]
2023-04-17 11:11:01.067 [info] > git status -z -uall [4ms]
2023-04-17 11:11:03.708 [info] > git ls-files --stage -- /home/haru/BD/tp1_joaopedroamoedo_isabelleserique/scripts/tp1_3.2.py [14ms]
2023-04-17 11:11:03.722 [info] > git ls-files --stage -- /home/haru/BD/tp1_joaopedroamoedo_isabelleserique/tp1-3.1.pdf [15ms]
2023-04-17 11:11:03.736 [info] > git cat-file -s 7c678043df5b523abaaa128dbdf40193302cf840 [16ms]
2023-04-17 11:11:03.738 [info] > git cat-file -s 5b22060834776af8fe15198a0c05bb1ce15013f2 [2ms]
2023-04-17 11:11:03.768 [info] > git show --textconv :scripts/tp1_3.2.py [14ms]
2023-04-17 11:11:03.772 [info] > git show --textconv :tp1-3.1.pdf [5ms]
2023-04-17 11:11:06.142 [info] > git config --get commit.template [32ms]
2023-04-17 11:11:06.144 [info] > git for-each-ref --format=%(refname)%00%(upstream:short)%00%(objectname)%00%(upstream:track)%00%(upstream:remotename)%00%(upstream:remoteref) refs/heads/main refs/remotes/main [6ms]
2023-04-17 11:11:06.179 [info] > git status -z -uall [7ms]
2023-04-17 11:11:20.769 [info] > git config --get commit.template [32ms]
2023-04-17 11:11:20.771 [info] > git for-each-ref --format=%(refname)%00%(upstream:short)%00%(objectname)%00%(upstream:track)%00%(upstream:remotename)%00%(upstream:remoteref) refs/heads/main refs/remotes/main [6ms]
2023-04-17 11:11:20.814 [info] > git status -z -uall [12ms]
2023-04-17 11:11:20.895 [info] > git ls-files --stage -- /home/haru/BD/tp1_joaopedroamoedo_isabelleserique/scripts/tp1_3.2.py [30ms]
2023-04-17 11:11:20.925 [info] > git ls-files --stage -- /home/haru/BD/tp1_joaopedroamoedo_isabelleserique/tp1-3.1.pdf [33ms]
2023-04-17 11:11:20.952 [info] > git cat-file -s a83711340d27a73f5a887c610a5be37483a8dd48 [32ms]
2023-04-17 11:11:20.955 [info] > git cat-file -s 5b22060834776af8fe15198a0c05bb1ce15013f2 [4ms]
2023-04-17 11:11:21.015 [info] > git show --textconv :scripts/tp1_3.2.py [18ms]
2023-04-17 11:11:21.019 [info] > git show --textconv :tp1-3.1.pdf [6ms]
2023-04-17 11:12:44.495 [info] > git config --get commit.template [23ms]
2023-04-17 11:12:44.585 [info] > git for-each-ref --format=%(refname)%00%(upstream:short)%00%(objectname)%00%(upstream:track)%00%(upstream:remotename)%00%(upstream:remoteref) refs/heads/main refs/remotes/main [92ms]
2023-04-17 11:12:44.614 [info] > git status -z -uall [8ms]
2023-04-17 11:19:44.164 [info] > git for-each-ref --format=%(refname)%00%(upstream:short)%00%(objectname)%00%(upstream:track)%00%(upstream:remotename)%00%(upstream:remoteref) refs/heads/main refs/remotes/main [13ms]
2023-04-17 11:19:44.164 [info] > git config --get commit.template [45ms]
2023-04-17 11:19:44.195 [info] > git status -z -uall [7ms]
2023-04-17 11:19:59.882 [info] > git config --get commit.template [33ms]
2023-04-17 11:19:59.882 [info] > git for-each-ref --format=%(refname)%00%(upstream:short)%00%(objectname)%00%(upstream:track)%00%(upstream:remotename)%00%(upstream:remoteref) refs/heads/main refs/remotes/main [6ms]
2023-04-17 11:19:59.919 [info] > git status -z -uall [7ms]
2023-04-17 11:20:03.529 [info] > git ls-files --stage -- /home/haru/BD/tp1_joaopedroamoedo_isabelleserique/scripts/tp1_3.2.py [31ms]
2023-04-17 11:20:03.550 [info] > git ls-files --stage -- /home/haru/BD/tp1_joaopedroamoedo_isabelleserique/tp1-3.1.pdf [24ms]
2023-04-17 11:20:03.564 [info] > git cat-file -s bceed741c79e12d700d80fd200c9bc254510b17c [16ms]
2023-04-17 11:20:03.566 [info] > git cat-file -s 5b22060834776af8fe15198a0c05bb1ce15013f2 [3ms]
2023-04-17 11:20:03.600 [info] > git show --textconv :scripts/tp1_3.2.py [19ms]
2023-04-17 11:20:03.605 [info] > git show --textconv :tp1-3.1.pdf [5ms]
2023-04-17 11:20:04.991 [info] > git config --get commit.template [34ms]
2023-04-17 11:20:04.993 [info] > git for-each-ref --format=%(refname)%00%(upstream:short)%00%(objectname)%00%(upstream:track)%00%(upstream:remotename)%00%(upstream:remoteref) refs/heads/main refs/remotes/main [8ms]
2023-04-17 11:20:05.026 [info] > git status -z -uall [7ms]
2023-04-17 11:20:19.699 [info] > git config --get commit.template [42ms]
2023-04-17 11:20:19.702 [info] > git for-each-ref --format=%(refname)%00%(upstream:short)%00%(objectname)%00%(upstream:track)%00%(upstream:remotename)%00%(upstream:remoteref) refs/heads/main refs/remotes/main [6ms]
2023-04-17 11:20:19.741 [info] > git status -z -uall [10ms]
2023-04-17 11:20:19.815 [info] > git ls-files --stage -- /home/haru/BD/tp1_joaopedroamoedo_isabelleserique/scripts/tp1_3.2.py [30ms]
2023-04-17 11:20:19.841 [info] > git ls-files --stage -- /home/haru/BD/tp1_joaopedroamoedo_isabelleserique/tp1-3.1.pdf [29ms]
2023-04-17 11:20:19.869 [info] > git cat-file -s bceed741c79e12d700d80fd200c9bc254510b17c [29ms]
2023-04-17 11:20:19.873 [info] > git cat-file -s 5b22060834776af8fe15198a0c05bb1ce15013f2 [6ms]
2023-04-17 11:20:19.989 [info] > git show --textconv :scripts/tp1_3.2.py [16ms]
2023-04-17 11:20:19.993 [info] > git show --textconv :tp1-3.1.pdf [5ms]
2023-04-17 11:20:25.474 [info] > git config --get commit.template [15ms]
2023-04-17 11:20:25.475 [info] > git for-each-ref --format=%(refname)%00%(upstream:short)%00%(objectname)%00%(upstream:track)%00%(upstream:remotename)%00%(upstream:remoteref) refs/heads/main refs/remotes/main [3ms]
2023-04-17 11:20:25.493 [info] > git status -z -uall [3ms]
2023-04-17 11:20:25.583 [info] > git ls-files --stage -- /home/haru/BD/tp1_joaopedroamoedo_isabelleserique/scripts/tp1_3.2.py [18ms]
2023-04-17 11:20:25.600 [info] > git ls-files --stage -- /home/haru/BD/tp1_joaopedroamoedo_isabelleserique/tp1-3.1.pdf [20ms]
2023-04-17 11:20:25.618 [info] > git cat-file -s bceed741c79e12d700d80fd200c9bc254510b17c [19ms]
2023-04-17 11:20:25.619 [info] > git cat-file -s 5b22060834776af8fe15198a0c05bb1ce15013f2 [2ms]
2023-04-17 11:20:25.656 [info] > git show --textconv :scripts/tp1_3.2.py [19ms]
2023-04-17 11:20:25.658 [info] > git show --textconv :tp1-3.1.pdf [5ms]
2023-04-17 11:28:48.794 [info] > git show --textconv :scripts/requirements.txt [31ms]
2023-04-17 11:28:48.798 [info] > git ls-files --stage -- /home/haru/BD/tp1_joaopedroamoedo_isabelleserique/scripts/requirements.txt [7ms]
2023-04-17 11:28:48.991 [info] > git check-ignore -v -z --stdin [5ms]
2023-04-17 11:28:49.467 [info] > git config --get commit.template [28ms]
2023-04-17 11:28:49.470 [info] > git for-each-ref --format=%(refname)%00%(upstream:short)%00%(objectname)%00%(upstream:track)%00%(upstream:remotename)%00%(upstream:remoteref) refs/heads/main refs/remotes/main [6ms]
2023-04-17 11:28:49.502 [info] > git status -z -uall [8ms]
2023-04-17 11:28:53.456 [info] > git show --textconv :requirements.txt [34ms]
2023-04-17 11:28:53.460 [info] > git ls-files --stage -- /home/haru/BD/tp1_joaopedroamoedo_isabelleserique/requirements.txt [8ms]
2023-04-17 11:28:53.708 [info] > git check-ignore -v -z --stdin [4ms]
2023-04-17 11:28:54.569 [info] > git config --get commit.template [36ms]
2023-04-17 11:28:54.570 [info] > git for-each-ref --format=%(refname)%00%(upstream:short)%00%(objectname)%00%(upstream:track)%00%(upstream:remotename)%00%(upstream:remoteref) refs/heads/main refs/remotes/main [22ms]
2023-04-17 11:28:54.587 [info] > git status -z -uall [4ms]
2023-04-17 11:28:58.973 [info] > git ls-files --stage -- /home/haru/BD/tp1_joaopedroamoedo_isabelleserique/tp1-3.1.pdf [32ms]
2023-04-17 11:28:59.000 [info] > git ls-files --stage -- /home/haru/BD/tp1_joaopedroamoedo_isabelleserique/scripts/tp1_3.2.py [85ms]
2023-04-17 11:28:59.029 [info] > git cat-file -s 5b22060834776af8fe15198a0c05bb1ce15013f2 [31ms]
2023-04-17 11:28:59.031 [info] > git ls-files --stage -- /home/haru/BD/tp1_joaopedroamoedo_isabelleserique/requirements.txt [61ms]
2023-04-17 11:28:59.056 [info] > git cat-file -s bceed741c79e12d700d80fd200c9bc254510b17c [30ms]
2023-04-17 11:28:59.085 [info] > git cat-file -s 54e31f18473b53dabfd5e0cd1a404bebb511369b [31ms]
2023-04-17 11:28:59.114 [info] > git show --textconv :tp1-3.1.pdf [31ms]
2023-04-17 11:28:59.118 [info] > git show --textconv :scripts/tp1_3.2.py [7ms]
2023-04-17 11:28:59.160 [info] > git show --textconv :requirements.txt [4ms]
2023-04-17 11:28:59.626 [info] > git config --get commit.template [17ms]
2023-04-17 11:28:59.628 [info] > git for-each-ref --format=%(refname)%00%(upstream:short)%00%(objectname)%00%(upstream:track)%00%(upstream:remotename)%00%(upstream:remoteref) refs/heads/main refs/remotes/main [3ms]
2023-04-17 11:28:59.649 [info] > git status -z -uall [3ms]
2023-04-17 11:29:07.946 [info] > git config --get commit.template [33ms]
2023-04-17 11:29:07.951 [info] > git for-each-ref --format=%(refname)%00%(upstream:short)%00%(objectname)%00%(upstream:track)%00%(upstream:remotename)%00%(upstream:remoteref) refs/heads/main refs/remotes/main [8ms]
2023-04-17 11:29:07.984 [info] > git status -z -uall [8ms]
2023-04-17 11:29:08.108 [info] > git ls-files --stage -- /home/haru/BD/tp1_joaopedroamoedo_isabelleserique/tp1-3.1.pdf [34ms]
2023-04-17 11:29:08.141 [info] > git ls-files --stage -- /home/haru/BD/tp1_joaopedroamoedo_isabelleserique/scripts/tp1_3.2.py [92ms]
2023-04-17 11:29:08.179 [info] > git cat-file -s 5b22060834776af8fe15198a0c05bb1ce15013f2 [39ms]
2023-04-17 11:29:08.182 [info] > git ls-files --stage -- /home/haru/BD/tp1_joaopedroamoedo_isabelleserique/requirements.txt [78ms]
2023-04-17 11:29:08.216 [info] > git cat-file -s bceed741c79e12d700d80fd200c9bc254510b17c [40ms]
2023-04-17 11:29:08.220 [info] > git cat-file -s 54e31f18473b53dabfd5e0cd1a404bebb511369b [7ms]
2023-04-17 11:29:08.325 [info] > git show --textconv :tp1-3.1.pdf [66ms]
2023-04-17 11:29:08.325 [info] > git show --textconv :scripts/tp1_3.2.py [37ms]
2023-04-17 11:29:08.331 [info] > git show --textconv :requirements.txt [9ms]
2023-04-17 11:29:13.028 [info] > git config --get commit.template [18ms]
2023-04-17 11:29:13.031 [info] > git for-each-ref --format=%(refname)%00%(upstream:short)%00%(objectname)%00%(upstream:track)%00%(upstream:remotename)%00%(upstream:remoteref) refs/heads/main refs/remotes/main [4ms]
2023-04-17 11:29:13.050 [info] > git status -z -uall [4ms]
2023-04-17 11:29:13.147 [info] > git ls-files --stage -- /home/haru/BD/tp1_joaopedroamoedo_isabelleserique/tp1-3.1.pdf [17ms]
2023-04-17 11:29:13.164 [info] > git ls-files --stage -- /home/haru/BD/tp1_joaopedroamoedo_isabelleserique/scripts/tp1_3.2.py [52ms]
2023-04-17 11:29:13.181 [info] > git cat-file -s 5b22060834776af8fe15198a0c05bb1ce15013f2 [18ms]
2023-04-17 11:29:13.182 [info] > git ls-files --stage -- /home/haru/BD/tp1_joaopedroamoedo_isabelleserique/requirements.txt [37ms]
2023-04-17 11:29:13.199 [info] > git cat-file -s bceed741c79e12d700d80fd200c9bc254510b17c [19ms]
2023-04-17 11:29:13.217 [info] > git cat-file -s 54e31f18473b53dabfd5e0cd1a404bebb511369b [20ms]
2023-04-17 11:29:13.236 [info] > git show --textconv :tp1-3.1.pdf [20ms]
2023-04-17 11:29:13.255 [info] > git show --textconv :scripts/tp1_3.2.py [19ms]
2023-04-17 11:29:13.257 [info] > git show --textconv :requirements.txt [4ms]
2023-04-17 11:29:26.590 [info] > git check-ignore -v -z --stdin [5ms]
2023-04-17 11:29:28.578 [info] > git check-ignore -v -z --stdin [5ms]
2023-04-17 11:29:34.228 [info] > git check-ignore -v -z --stdin [3ms]
2023-04-17 11:29:34.751 [info] > git config --get commit.template [20ms]
2023-04-17 11:29:34.753 [info] > git for-each-ref --format=%(refname)%00%(upstream:short)%00%(objectname)%00%(upstream:track)%00%(upstream:remotename)%00%(upstream:remoteref) refs/heads/main refs/remotes/main [3ms]
2023-04-17 11:29:34.773 [info] > git status -z -uall [3ms]
2023-04-17 11:29:49.796 [info] > git config --get commit.template [26ms]
2023-04-17 11:29:49.799 [info] > git for-each-ref --format=%(refname)%00%(upstream:short)%00%(objectname)%00%(upstream:track)%00%(upstream:remotename)%00%(upstream:remoteref) refs/heads/main refs/remotes/main [5ms]
2023-04-17 11:29:49.834 [info] > git status -z -uall [6ms]
2023-04-17 11:29:49.926 [info] > git ls-files --stage -- /home/haru/BD/tp1_joaopedroamoedo_isabelleserique/scripts/tp1_3.2.py [47ms]
2023-04-17 11:29:49.972 [info] > git ls-files --stage -- /home/haru/BD/tp1_joaopedroamoedo_isabelleserique/requirements.txt [50ms]
2023-04-17 11:29:50.003 [info] > git cat-file -s bceed741c79e12d700d80fd200c9bc254510b17c [35ms]
2023-04-17 11:29:50.007 [info] > git cat-file -s 54e31f18473b53dabfd5e0cd1a404bebb511369b [6ms]
2023-04-17 11:29:50.081 [info] > git show --textconv :scripts/tp1_3.2.py [23ms]
2023-04-17 11:29:50.083 [info] > git show --textconv :requirements.txt [4ms]
2023-04-17 11:29:59.193 [info] > git config --get commit.template [16ms]
2023-04-17 11:29:59.195 [info] > git for-each-ref --format=%(refname)%00%(upstream:short)%00%(objectname)%00%(upstream:track)%00%(upstream:remotename)%00%(upstream:remoteref) refs/heads/main refs/remotes/main [3ms]
2023-04-17 11:29:59.213 [info] > git status -z -uall [4ms]
2023-04-17 11:29:59.292 [info] > git ls-files --stage -- /home/haru/BD/tp1_joaopedroamoedo_isabelleserique/scripts/tp1_3.2.py [17ms]
2023-04-17 11:29:59.307 [info] > git ls-files --stage -- /home/haru/BD/tp1_joaopedroamoedo_isabelleserique/requirements.txt [17ms]
2023-04-17 11:29:59.323 [info] > git cat-file -s bceed741c79e12d700d80fd200c9bc254510b17c [17ms]
2023-04-17 11:29:59.325 [info] > git cat-file -s 54e31f18473b53dabfd5e0cd1a404bebb511369b [3ms]
2023-04-17 11:29:59.344 [info] > git show --textconv :scripts/tp1_3.2.py [3ms]
2023-04-17 11:29:59.376 [info] > git show --textconv :requirements.txt [4ms]
2023-04-17 11:30:06.422 [info] > git config --get commit.template [30ms]
2023-04-17 11:30:06.424 [info] > git for-each-ref --format=%(refname)%00%(upstream:short)%00%(objectname)%00%(upstream:track)%00%(upstream:remotename)%00%(upstream:remoteref) refs/heads/main refs/remotes/main [4ms]
2023-04-17 11:30:06.460 [info] > git status -z -uall [7ms]
2023-04-17 11:30:06.576 [info] > git ls-files --stage -- /home/haru/BD/tp1_joaopedroamoedo_isabelleserique/scripts/tp1_3.2.py [33ms]
2023-04-17 11:30:06.605 [info] > git ls-files --stage -- /home/haru/BD/tp1_joaopedroamoedo_isabelleserique/requirements.txt [31ms]
2023-04-17 11:30:06.634 [info] > git cat-file -s bceed741c79e12d700d80fd200c9bc254510b17c [31ms]
2023-04-17 11:30:06.637 [info] > git cat-file -s 54e31f18473b53dabfd5e0cd1a404bebb511369b [6ms]
2023-04-17 11:30:06.702 [info] > git show --textconv :scripts/tp1_3.2.py [32ms]
2023-04-17 11:30:06.705 [info] > git show --textconv :requirements.txt [7ms]
2023-04-17 11:35:12.508 [info] > git config --get commit.template [17ms]
2023-04-17 11:35:12.509 [info] > git for-each-ref --format=%(refname)%00%(upstream:short)%00%(objectname)%00%(upstream:track)%00%(upstream:remotename)%00%(upstream:remoteref) refs/heads/main refs/remotes/main [3ms]
2023-04-17 11:35:12.528 [info] > git status -z -uall [4ms]
2023-04-17 11:38:03.747 [info] > git config --get commit.template [29ms]
2023-04-17 11:38:03.751 [info] > git for-each-ref --format=%(refname)%00%(upstream:short)%00%(objectname)%00%(upstream:track)%00%(upstream:remotename)%00%(upstream:remoteref) refs/heads/main refs/remotes/main [6ms]
2023-04-17 11:38:03.787 [info] > git status -z -uall [15ms]
2023-04-17 11:38:21.764 [info] > git config --get commit.template [16ms]
2023-04-17 11:38:21.766 [info] > git for-each-ref --format=%(refname)%00%(upstream:short)%00%(objectname)%00%(upstream:track)%00%(upstream:remotename)%00%(upstream:remoteref) refs/heads/main refs/remotes/main [3ms]
2023-04-17 11:38:21.785 [info] > git status -z -uall [3ms]
2023-04-17 11:38:24.031 [info] > git ls-files --stage -- /home/haru/BD/tp1_joaopedroamoedo_isabelleserique/scripts/tp1_3.2.py [4ms]
2023-04-17 11:38:24.060 [info] > git cat-file -s 148cc2cfe1583e7994295b17853887a81584900b [5ms]
2023-04-17 11:38:24.094 [info] > git show --textconv :scripts/tp1_3.2.py [5ms]
2023-04-17 11:38:26.827 [info] > git config --get commit.template [21ms]
2023-04-17 11:38:26.829 [info] > git for-each-ref --format=%(refname)%00%(upstream:short)%00%(objectname)%00%(upstream:track)%00%(upstream:remotename)%00%(upstream:remoteref) refs/heads/main refs/remotes/main [3ms]
2023-04-17 11:38:26.849 [info] > git status -z -uall [5ms]
2023-04-17 11:38:38.769 [info] > git config --get commit.template [17ms]
2023-04-17 11:38:38.771 [info] > git for-each-ref --format=%(refname)%00%(upstream:short)%00%(objectname)%00%(upstream:track)%00%(upstream:remotename)%00%(upstream:remoteref) refs/heads/main refs/remotes/main [4ms]
2023-04-17 11:38:38.789 [info] > git status -z -uall [3ms]
2023-04-17 11:38:38.919 [info] > git ls-files --stage -- /home/haru/BD/tp1_joaopedroamoedo_isabelleserique/scripts/tp1_3.2.py [2ms]
2023-04-17 11:38:38.934 [info] > git cat-file -s 148cc2cfe1583e7994295b17853887a81584900b [2ms]
2023-04-17 11:38:38.955 [info] > git show --textconv :scripts/tp1_3.2.py [3ms]
2023-04-17 11:38:44.284 [info] > git config --get commit.template [24ms]
2023-04-17 11:38:44.287 [info] > git for-each-ref --format=%(refname)%00%(upstream:short)%00%(objectname)%00%(upstream:track)%00%(upstream:remotename)%00%(upstream:remoteref) refs/heads/main refs/remotes/main [5ms]
2023-04-17 11:38:44.317 [info] > git status -z -uall [7ms]
2023-04-17 11:38:44.381 [info] > git ls-files --stage -- /home/haru/BD/tp1_joaopedroamoedo_isabelleserique/scripts/tp1_3.2.py [5ms]
2023-04-17 11:38:44.410 [info] > git cat-file -s 148cc2cfe1583e7994295b17853887a81584900b [4ms]
2023-04-17 11:38:44.445 [info] > git show --textconv :scripts/tp1_3.2.py [5ms]
2023-04-17 11:38:51.313 [info] > git show --textconv :docker-compose.yml [64ms]
2023-04-17 11:38:51.317 [info] > git ls-files --stage -- /home/haru/BD/tp1_joaopedroamoedo_isabelleserique/docker-compose.yml [41ms]
2023-04-17 11:38:51.348 [info] > git cat-file -s 883243a18ae67faad52abc1e69d79d345860ca93 [6ms]
2023-04-17 11:39:10.146 [info] > git config --get commit.template [28ms]
2023-04-17 11:39:10.149 [info] > git for-each-ref --format=%(refname)%00%(upstream:short)%00%(objectname)%00%(upstream:track)%00%(upstream:remotename)%00%(upstream:remoteref) refs/heads/main refs/remotes/main [4ms]
2023-04-17 11:39:10.172 [info] > git status -z -uall [3ms]
