2023-04-17 11:51:50.381 [info] Reading sessions from keychain...
2023-04-17 11:51:50.381 [info] Getting sessions for all scopes...
2023-04-17 11:51:50.381 [info] Getting sessions for read:user,repo,user:email...
2023-04-17 11:51:50.381 [info] Got 0 sessions for ...
2023-04-17 11:51:50.381 [info] Got 0 sessions for read:user,repo,user:email...
2023-04-17 11:51:50.453 [info] Getting sessions for all scopes...
2023-04-17 11:51:50.454 [info] Got 0 sessions for ...
2023-04-17 19:22:14.216 [info] Getting sessions for read:user,repo,user:email...
2023-04-17 19:22:14.216 [info] Got 0 sessions for read:user,repo,user:email...
2023-04-17 20:28:25.884 [info] Getting sessions for read:user,repo,user:email...
2023-04-17 20:28:25.884 [info] Got 0 sessions for read:user,repo,user:email...
2023-04-17 20:42:09.863 [info] Getting sessions for read:user,repo,user:email...
2023-04-17 20:42:09.884 [info] Got 0 sessions for read:user,repo,user:email...
2023-04-17 21:05:05.934 [info] Getting sessions for read:user,repo,user:email...
2023-04-17 21:05:05.953 [info] Got 0 sessions for read:user,repo,user:email...
2023-04-17 21:16:24.177 [info] Getting sessions for read:user,repo,user:email...
2023-04-17 21:16:24.177 [info] Got 0 sessions for read:user,repo,user:email...
2023-04-17 21:36:06.937 [info] Getting sessions for read:user,repo,user:email...
2023-04-17 21:36:06.950 [info] Got 0 sessions for read:user,repo,user:email...
2023-04-17 21:47:08.017 [info] Getting sessions for read:user,repo,user:email...
2023-04-17 21:47:08.017 [info] Got 0 sessions for read:user,repo,user:email...
