2023-04-16 23:05:23.965 [info] Log level: Info
2023-04-16 23:05:23.965 [info] Validating found git in: "git"
2023-04-16 23:05:23.965 [info] Using git "2.40.0" from "git"
2023-04-16 23:05:23.965 [info] > git rev-parse --show-toplevel [5ms]
2023-04-16 23:05:23.965 [info] > git rev-parse --git-dir --git-common-dir [21ms]
2023-04-16 23:05:23.965 [info] Open repository: /home/haru/esquizoDB
2023-04-16 23:05:23.965 [info] > git config --get commit.template [76ms]
2023-04-16 23:05:23.965 [info] > git rev-parse --show-toplevel [91ms]
2023-04-16 23:05:24.065 [info] > git rev-parse --show-toplevel [101ms]
2023-04-16 23:05:24.085 [info] > git for-each-ref --format=%(refname)%00%(upstream:short)%00%(objectname)%00%(upstream:track)%00%(upstream:remotename)%00%(upstream:remoteref) refs/heads/master refs/remotes/master [54ms]
2023-04-16 23:05:24.098 [info] > git rev-parse --show-toplevel [22ms]
2023-04-16 23:05:24.112 [info] > git status -z -uall [18ms]
2023-04-16 23:05:24.197 [info] > git rev-parse --show-toplevel [85ms]
2023-04-16 23:05:24.200 [info] > git config --get commit.template [45ms]
2023-04-16 23:05:24.226 [info] > git for-each-ref --format=%(refname)%00%(upstream:short)%00%(objectname)%00%(upstream:track)%00%(upstream:remotename)%00%(upstream:remoteref) refs/heads/master refs/remotes/master [15ms]
2023-04-16 23:05:24.245 [info] > git status -z -uall [11ms]
2023-04-16 23:05:24.405 [info] > git check-ignore -v -z --stdin [2ms]
2023-04-16 23:05:24.636 [info] > git show --textconv :scripts/tp1_3.2.py [11ms]
2023-04-16 23:05:24.638 [info] > git ls-files --stage -- /home/haru/esquizoDB/scripts/tp1_3.2.py [3ms]
2023-04-16 23:05:24.649 [info] > git cat-file -s da54e1e1348d645a7ba45c384bf6c90cc5dde499 [1ms]
2023-04-16 23:05:28.122 [info] > git checkout -q -- /home/haru/esquizoDB/scripts/tp1_3.2.py [3ms]
2023-04-16 23:05:28.147 [info] > git config --get commit.template [12ms]
2023-04-16 23:05:28.148 [info] > git for-each-ref --format=%(refname)%00%(upstream:short)%00%(objectname)%00%(upstream:track)%00%(upstream:remotename)%00%(upstream:remoteref) refs/heads/master refs/remotes/master [2ms]
2023-04-16 23:05:28.160 [info] > git status -z -uall [2ms]
2023-04-16 23:05:29.233 [info] > git config --get commit.template [14ms]
2023-04-16 23:05:29.234 [info] > git for-each-ref --format=%(refname)%00%(upstream:short)%00%(objectname)%00%(upstream:track)%00%(upstream:remotename)%00%(upstream:remoteref) refs/heads/master refs/remotes/master [3ms]
2023-04-16 23:05:29.247 [info] > git status -z -uall [3ms]
2023-04-16 23:05:29.324 [info] > git ls-files --stage -- /home/haru/esquizoDB/scripts/tp1_3.2.py [1ms]
2023-04-16 23:05:29.335 [info] > git cat-file -s da54e1e1348d645a7ba45c384bf6c90cc5dde499 [1ms]
2023-04-16 23:05:29.351 [info] > git show --textconv :scripts/tp1_3.2.py [3ms]
